[2025-11-17 06:54:57] production.ERROR: SQLSTATE[HY000] [1049] Unknown database 'lernendb' (Connection: mysql, SQL: select exists (select 1 from information_schema.tables where table_schema = 'lernendb' and table_name = 'optionbuilder__settings' and table_type in ('BASE TABLE', 'SYSTEM VERSIONED')) as `exists`) {"exception":"[object] (Illuminate\\Database\\QueryException(code: 1049): SQLSTATE[HY000] [1049] Unknown database 'lernendb' (Connection: mysql, SQL: select exists (select 1 from information_schema.tables where table_schema = 'lernendb' and table_name = 'optionbuilder__settings' and table_type in ('BASE TABLE', 'SYSTEM VERSIONED')) as `exists`) at D:\\laragon\\Zip data\\lernen-zip\\lernen-308\\lernen-main-file\\lernen\\vendor\\laravel\\framework\\src\\Illuminate\\Database\\Connection.php:825)
[stacktrace]
#0 D:\\laragon\\Zip data\\lernen-zip\\lernen-308\\lernen-main-file\\lernen\\vendor\\laravel\\framework\\src\\Illuminate\\Database\\Connection.php(779): Illuminate\\Database\\Connection->runQueryCallback('select exists (...', Array, Object(Closure))
#1 D:\\laragon\\Zip data\\lernen-zip\\lernen-308\\lernen-main-file\\lernen\\vendor\\laravel\\framework\\src\\Illuminate\\Database\\Connection.php(398): Illuminate\\Database\\Connection->run('select exists (...', Array, Object(Closure))
#2 D:\\laragon\\Zip data\\lernen-zip\\lernen-308\\lernen-main-file\\lernen\\vendor\\laravel\\framework\\src\\Illuminate\\Database\\Connection.php(344): Illuminate\\Database\\Connection->select('select exists (...', Array, true)
#3 D:\\laragon\\Zip data\\lernen-zip\\lernen-308\\lernen-main-file\\lernen\\vendor\\laravel\\framework\\src\\Illuminate\\Database\\Connection.php(361): Illuminate\\Database\\Connection->selectOne('select exists (...', Array, true)
#4 D:\\laragon\\Zip data\\lernen-zip\\lernen-308\\lernen-main-file\\lernen\\vendor\\laravel\\framework\\src\\Illuminate\\Database\\Schema\\MySqlBuilder.php(45): Illuminate\\Database\\Connection->scalar('select exists (...')
#5 D:\\laragon\\Zip data\\lernen-zip\\lernen-308\\lernen-main-file\\lernen\\vendor\\laravel\\framework\\src\\Illuminate\\Support\\Facades\\Facade.php(361): Illuminate\\Database\\Schema\\MySqlBuilder->hasTable('optionbuilder__...')
#6 D:\\laragon\\Zip data\\lernen-zip\\lernen-308\\lernen-main-file\\lernen\\app\\Providers\\AppServiceProvider.php(50): Illuminate\\Support\\Facades\\Facade::__callStatic('hasTable', Array)
#7 D:\\laragon\\Zip data\\lernen-zip\\lernen-308\\lernen-main-file\\lernen\\vendor\\laravel\\framework\\src\\Illuminate\\Container\\BoundMethod.php(36): App\\Providers\\AppServiceProvider->boot()
#8 D:\\laragon\\Zip data\\lernen-zip\\lernen-308\\lernen-main-file\\lernen\\vendor\\laravel\\framework\\src\\Illuminate\\Container\\Util.php(43): Illuminate\\Container\\BoundMethod::Illuminate\\Container\\{closure}()
#9 D:\\laragon\\Zip data\\lernen-zip\\lernen-308\\lernen-main-file\\lernen\\vendor\\laravel\\framework\\src\\Illuminate\\Container\\BoundMethod.php(95): Illuminate\\Container\\Util::unwrapIfClosure(Object(Closure))
#10 D:\\laragon\\Zip data\\lernen-zip\\lernen-308\\lernen-main-file\\lernen\\vendor\\laravel\\framework\\src\\Illuminate\\Container\\BoundMethod.php(35): Illuminate\\Container\\BoundMethod::callBoundMethod(Object(Illuminate\\Foundation\\Application), Array, Object(Closure))
#11 D:\\laragon\\Zip data\\lernen-zip\\lernen-308\\lernen-main-file\\lernen\\vendor\\laravel\\framework\\src\\Illuminate\\Container\\Container.php(696): Illuminate\\Container\\BoundMethod::call(Object(Illuminate\\Foundation\\Application), Array, Array, NULL)
#12 D:\\laragon\\Zip data\\lernen-zip\\lernen-308\\lernen-main-file\\lernen\\vendor\\laravel\\framework\\src\\Illuminate\\Foundation\\Application.php(1151): Illuminate\\Container\\Container->call(Array)
#13 D:\\laragon\\Zip data\\lernen-zip\\lernen-308\\lernen-main-file\\lernen\\vendor\\laravel\\framework\\src\\Illuminate\\Foundation\\Application.php(1132): Illuminate\\Foundation\\Application->bootProvider(Object(App\\Providers\\AppServiceProvider))
#14 [internal function]: Illuminate\\Foundation\\Application->Illuminate\\Foundation\\{closure}(Object(App\\Providers\\AppServiceProvider), 'App\\\\Providers\\\\A...')
#15 D:\\laragon\\Zip data\\lernen-zip\\lernen-308\\lernen-main-file\\lernen\\vendor\\laravel\\framework\\src\\Illuminate\\Foundation\\Application.php(1131): array_walk(Array, Object(Closure))
#16 D:\\laragon\\Zip data\\lernen-zip\\lernen-308\\lernen-main-file\\lernen\\vendor\\laravel\\framework\\src\\Illuminate\\Foundation\\Bootstrap\\BootProviders.php(17): Illuminate\\Foundation\\Application->boot()
#17 D:\\laragon\\Zip data\\lernen-zip\\lernen-308\\lernen-main-file\\lernen\\vendor\\laravel\\framework\\src\\Illuminate\\Foundation\\Application.php(342): Illuminate\\Foundation\\Bootstrap\\BootProviders->bootstrap(Object(Illuminate\\Foundation\\Application))
#18 D:\\laragon\\Zip data\\lernen-zip\\lernen-308\\lernen-main-file\\lernen\\vendor\\laravel\\framework\\src\\Illuminate\\Foundation\\Console\\Kernel.php(474): Illuminate\\Foundation\\Application->bootstrapWith(Array)
#19 D:\\laragon\\Zip data\\lernen-zip\\lernen-308\\lernen-main-file\\lernen\\vendor\\laravel\\framework\\src\\Illuminate\\Foundation\\Console\\Kernel.php(196): Illuminate\\Foundation\\Console\\Kernel->bootstrap()
#20 D:\\laragon\\Zip data\\lernen-zip\\lernen-308\\lernen-main-file\\lernen\\vendor\\laravel\\framework\\src\\Illuminate\\Foundation\\Application.php(1235): Illuminate\\Foundation\\Console\\Kernel->handle(Object(Symfony\\Component\\Console\\Input\\ArgvInput), Object(Symfony\\Component\\Console\\Output\\ConsoleOutput))
#21 D:\\laragon\\Zip data\\lernen-zip\\lernen-308\\lernen-main-file\\lernen\\artisan(13): Illuminate\\Foundation\\Application->handleCommand(Object(Symfony\\Component\\Console\\Input\\ArgvInput))
#22 {main}

[previous exception] [object] (PDOException(code: 1049): SQLSTATE[HY000] [1049] Unknown database 'lernendb' at D:\\laragon\\Zip data\\lernen-zip\\lernen-308\\lernen-main-file\\lernen\\vendor\\laravel\\framework\\src\\Illuminate\\Database\\Connectors\\Connector.php:66)
[stacktrace]
#0 D:\\laragon\\Zip data\\lernen-zip\\lernen-308\\lernen-main-file\\lernen\\vendor\\laravel\\framework\\src\\Illuminate\\Database\\Connectors\\Connector.php(66): PDO->__construct('mysql:host=loca...', 'root', Object(SensitiveParameterValue), Array)
#1 D:\\laragon\\Zip data\\lernen-zip\\lernen-308\\lernen-main-file\\lernen\\vendor\\laravel\\framework\\src\\Illuminate\\Database\\Connectors\\Connector.php(44): Illuminate\\Database\\Connectors\\Connector->createPdoConnection('mysql:host=loca...', 'root', Object(SensitiveParameterValue), Array)
#2 D:\\laragon\\Zip data\\lernen-zip\\lernen-308\\lernen-main-file\\lernen\\vendor\\laravel\\framework\\src\\Illuminate\\Database\\Connectors\\MySqlConnector.php(24): Illuminate\\Database\\Connectors\\Connector->createConnection('mysql:host=loca...', Array, Array)
#3 D:\\laragon\\Zip data\\lernen-zip\\lernen-308\\lernen-main-file\\lernen\\vendor\\laravel\\framework\\src\\Illuminate\\Database\\Connectors\\ConnectionFactory.php(185): Illuminate\\Database\\Connectors\\MySqlConnector->connect(Array)
#4 [internal function]: Illuminate\\Database\\Connectors\\ConnectionFactory->Illuminate\\Database\\Connectors\\{closure}()
#5 D:\\laragon\\Zip data\\lernen-zip\\lernen-308\\lernen-main-file\\lernen\\vendor\\laravel\\framework\\src\\Illuminate\\Database\\Connection.php(1231): call_user_func(Object(Closure))
#6 D:\\laragon\\Zip data\\lernen-zip\\lernen-308\\lernen-main-file\\lernen\\vendor\\laravel\\framework\\src\\Illuminate\\Database\\Connection.php(1267): Illuminate\\Database\\Connection->getPdo()
#7 D:\\laragon\\Zip data\\lernen-zip\\lernen-308\\lernen-main-file\\lernen\\vendor\\laravel\\framework\\src\\Illuminate\\Database\\Connection.php(512): Illuminate\\Database\\Connection->getReadPdo()
#8 D:\\laragon\\Zip data\\lernen-zip\\lernen-308\\lernen-main-file\\lernen\\vendor\\laravel\\framework\\src\\Illuminate\\Database\\Connection.php(407): Illuminate\\Database\\Connection->getPdoForSelect(true)
#9 D:\\laragon\\Zip data\\lernen-zip\\lernen-308\\lernen-main-file\\lernen\\vendor\\laravel\\framework\\src\\Illuminate\\Database\\Connection.php(812): Illuminate\\Database\\Connection->Illuminate\\Database\\{closure}('select exists (...', Array)
#10 D:\\laragon\\Zip data\\lernen-zip\\lernen-308\\lernen-main-file\\lernen\\vendor\\laravel\\framework\\src\\Illuminate\\Database\\Connection.php(779): Illuminate\\Database\\Connection->runQueryCallback('select exists (...', Array, Object(Closure))
#11 D:\\laragon\\Zip data\\lernen-zip\\lernen-308\\lernen-main-file\\lernen\\vendor\\laravel\\framework\\src\\Illuminate\\Database\\Connection.php(398): Illuminate\\Database\\Connection->run('select exists (...', Array, Object(Closure))
#12 D:\\laragon\\Zip data\\lernen-zip\\lernen-308\\lernen-main-file\\lernen\\vendor\\laravel\\framework\\src\\Illuminate\\Database\\Connection.php(344): Illuminate\\Database\\Connection->select('select exists (...', Array, true)
#13 D:\\laragon\\Zip data\\lernen-zip\\lernen-308\\lernen-main-file\\lernen\\vendor\\laravel\\framework\\src\\Illuminate\\Database\\Connection.php(361): Illuminate\\Database\\Connection->selectOne('select exists (...', Array, true)
#14 D:\\laragon\\Zip data\\lernen-zip\\lernen-308\\lernen-main-file\\lernen\\vendor\\laravel\\framework\\src\\Illuminate\\Database\\Schema\\MySqlBuilder.php(45): Illuminate\\Database\\Connection->scalar('select exists (...')
#15 D:\\laragon\\Zip data\\lernen-zip\\lernen-308\\lernen-main-file\\lernen\\vendor\\laravel\\framework\\src\\Illuminate\\Support\\Facades\\Facade.php(361): Illuminate\\Database\\Schema\\MySqlBuilder->hasTable('optionbuilder__...')
#16 D:\\laragon\\Zip data\\lernen-zip\\lernen-308\\lernen-main-file\\lernen\\app\\Providers\\AppServiceProvider.php(50): Illuminate\\Support\\Facades\\Facade::__callStatic('hasTable', Array)
#17 D:\\laragon\\Zip data\\lernen-zip\\lernen-308\\lernen-main-file\\lernen\\vendor\\laravel\\framework\\src\\Illuminate\\Container\\BoundMethod.php(36): App\\Providers\\AppServiceProvider->boot()
#18 D:\\laragon\\Zip data\\lernen-zip\\lernen-308\\lernen-main-file\\lernen\\vendor\\laravel\\framework\\src\\Illuminate\\Container\\Util.php(43): Illuminate\\Container\\BoundMethod::Illuminate\\Container\\{closure}()
#19 D:\\laragon\\Zip data\\lernen-zip\\lernen-308\\lernen-main-file\\lernen\\vendor\\laravel\\framework\\src\\Illuminate\\Container\\BoundMethod.php(95): Illuminate\\Container\\Util::unwrapIfClosure(Object(Closure))
#20 D:\\laragon\\Zip data\\lernen-zip\\lernen-308\\lernen-main-file\\lernen\\vendor\\laravel\\framework\\src\\Illuminate\\Container\\BoundMethod.php(35): Illuminate\\Container\\BoundMethod::callBoundMethod(Object(Illuminate\\Foundation\\Application), Array, Object(Closure))
#21 D:\\laragon\\Zip data\\lernen-zip\\lernen-308\\lernen-main-file\\lernen\\vendor\\laravel\\framework\\src\\Illuminate\\Container\\Container.php(696): Illuminate\\Container\\BoundMethod::call(Object(Illuminate\\Foundation\\Application), Array, Array, NULL)
#22 D:\\laragon\\Zip data\\lernen-zip\\lernen-308\\lernen-main-file\\lernen\\vendor\\laravel\\framework\\src\\Illuminate\\Foundation\\Application.php(1151): Illuminate\\Container\\Container->call(Array)
#23 D:\\laragon\\Zip data\\lernen-zip\\lernen-308\\lernen-main-file\\lernen\\vendor\\laravel\\framework\\src\\Illuminate\\Foundation\\Application.php(1132): Illuminate\\Foundation\\Application->bootProvider(Object(App\\Providers\\AppServiceProvider))
#24 [internal function]: Illuminate\\Foundation\\Application->Illuminate\\Foundation\\{closure}(Object(App\\Providers\\AppServiceProvider), 'App\\\\Providers\\\\A...')
#25 D:\\laragon\\Zip data\\lernen-zip\\lernen-308\\lernen-main-file\\lernen\\vendor\\laravel\\framework\\src\\Illuminate\\Foundation\\Application.php(1131): array_walk(Array, Object(Closure))
#26 D:\\laragon\\Zip data\\lernen-zip\\lernen-308\\lernen-main-file\\lernen\\vendor\\laravel\\framework\\src\\Illuminate\\Foundation\\Bootstrap\\BootProviders.php(17): Illuminate\\Foundation\\Application->boot()
#27 D:\\laragon\\Zip data\\lernen-zip\\lernen-308\\lernen-main-file\\lernen\\vendor\\laravel\\framework\\src\\Illuminate\\Foundation\\Application.php(342): Illuminate\\Foundation\\Bootstrap\\BootProviders->bootstrap(Object(Illuminate\\Foundation\\Application))
#28 D:\\laragon\\Zip data\\lernen-zip\\lernen-308\\lernen-main-file\\lernen\\vendor\\laravel\\framework\\src\\Illuminate\\Foundation\\Console\\Kernel.php(474): Illuminate\\Foundation\\Application->bootstrapWith(Array)
#29 D:\\laragon\\Zip data\\lernen-zip\\lernen-308\\lernen-main-file\\lernen\\vendor\\laravel\\framework\\src\\Illuminate\\Foundation\\Console\\Kernel.php(196): Illuminate\\Foundation\\Console\\Kernel->bootstrap()
#30 D:\\laragon\\Zip data\\lernen-zip\\lernen-308\\lernen-main-file\\lernen\\vendor\\laravel\\framework\\src\\Illuminate\\Foundation\\Application.php(1235): Illuminate\\Foundation\\Console\\Kernel->handle(Object(Symfony\\Component\\Console\\Input\\ArgvInput), Object(Symfony\\Component\\Console\\Output\\ConsoleOutput))
#31 D:\\laragon\\Zip data\\lernen-zip\\lernen-308\\lernen-main-file\\lernen\\artisan(13): Illuminate\\Foundation\\Application->handleCommand(Object(Symfony\\Component\\Console\\Input\\ArgvInput))
#32 {main}
"} 
[2025-11-17 06:55:02] production.ERROR: SQLSTATE[HY000] [1049] Unknown database 'lernendb' (Connection: mysql, SQL: select exists (select 1 from information_schema.tables where table_schema = 'lernendb' and table_name = 'optionbuilder__settings' and table_type in ('BASE TABLE', 'SYSTEM VERSIONED')) as `exists`) {"exception":"[object] (Illuminate\\Database\\QueryException(code: 1049): SQLSTATE[HY000] [1049] Unknown database 'lernendb' (Connection: mysql, SQL: select exists (select 1 from information_schema.tables where table_schema = 'lernendb' and table_name = 'optionbuilder__settings' and table_type in ('BASE TABLE', 'SYSTEM VERSIONED')) as `exists`) at D:\\laragon\\Zip data\\lernen-zip\\lernen-308\\lernen-main-file\\lernen\\vendor\\laravel\\framework\\src\\Illuminate\\Database\\Connection.php:825)
[stacktrace]
#0 D:\\laragon\\Zip data\\lernen-zip\\lernen-308\\lernen-main-file\\lernen\\vendor\\laravel\\framework\\src\\Illuminate\\Database\\Connection.php(779): Illuminate\\Database\\Connection->runQueryCallback('select exists (...', Array, Object(Closure))
#1 D:\\laragon\\Zip data\\lernen-zip\\lernen-308\\lernen-main-file\\lernen\\vendor\\laravel\\framework\\src\\Illuminate\\Database\\Connection.php(398): Illuminate\\Database\\Connection->run('select exists (...', Array, Object(Closure))
#2 D:\\laragon\\Zip data\\lernen-zip\\lernen-308\\lernen-main-file\\lernen\\vendor\\laravel\\framework\\src\\Illuminate\\Database\\Connection.php(344): Illuminate\\Database\\Connection->select('select exists (...', Array, true)
#3 D:\\laragon\\Zip data\\lernen-zip\\lernen-308\\lernen-main-file\\lernen\\vendor\\laravel\\framework\\src\\Illuminate\\Database\\Connection.php(361): Illuminate\\Database\\Connection->selectOne('select exists (...', Array, true)
#4 D:\\laragon\\Zip data\\lernen-zip\\lernen-308\\lernen-main-file\\lernen\\vendor\\laravel\\framework\\src\\Illuminate\\Database\\Schema\\MySqlBuilder.php(45): Illuminate\\Database\\Connection->scalar('select exists (...')
#5 D:\\laragon\\Zip data\\lernen-zip\\lernen-308\\lernen-main-file\\lernen\\vendor\\laravel\\framework\\src\\Illuminate\\Support\\Facades\\Facade.php(361): Illuminate\\Database\\Schema\\MySqlBuilder->hasTable('optionbuilder__...')
#6 D:\\laragon\\Zip data\\lernen-zip\\lernen-308\\lernen-main-file\\lernen\\app\\Providers\\AppServiceProvider.php(50): Illuminate\\Support\\Facades\\Facade::__callStatic('hasTable', Array)
#7 D:\\laragon\\Zip data\\lernen-zip\\lernen-308\\lernen-main-file\\lernen\\vendor\\laravel\\framework\\src\\Illuminate\\Container\\BoundMethod.php(36): App\\Providers\\AppServiceProvider->boot()
#8 D:\\laragon\\Zip data\\lernen-zip\\lernen-308\\lernen-main-file\\lernen\\vendor\\laravel\\framework\\src\\Illuminate\\Container\\Util.php(43): Illuminate\\Container\\BoundMethod::Illuminate\\Container\\{closure}()
#9 D:\\laragon\\Zip data\\lernen-zip\\lernen-308\\lernen-main-file\\lernen\\vendor\\laravel\\framework\\src\\Illuminate\\Container\\BoundMethod.php(95): Illuminate\\Container\\Util::unwrapIfClosure(Object(Closure))
#10 D:\\laragon\\Zip data\\lernen-zip\\lernen-308\\lernen-main-file\\lernen\\vendor\\laravel\\framework\\src\\Illuminate\\Container\\BoundMethod.php(35): Illuminate\\Container\\BoundMethod::callBoundMethod(Object(Illuminate\\Foundation\\Application), Array, Object(Closure))
#11 D:\\laragon\\Zip data\\lernen-zip\\lernen-308\\lernen-main-file\\lernen\\vendor\\laravel\\framework\\src\\Illuminate\\Container\\Container.php(696): Illuminate\\Container\\BoundMethod::call(Object(Illuminate\\Foundation\\Application), Array, Array, NULL)
#12 D:\\laragon\\Zip data\\lernen-zip\\lernen-308\\lernen-main-file\\lernen\\vendor\\laravel\\framework\\src\\Illuminate\\Foundation\\Application.php(1151): Illuminate\\Container\\Container->call(Array)
#13 D:\\laragon\\Zip data\\lernen-zip\\lernen-308\\lernen-main-file\\lernen\\vendor\\laravel\\framework\\src\\Illuminate\\Foundation\\Application.php(1132): Illuminate\\Foundation\\Application->bootProvider(Object(App\\Providers\\AppServiceProvider))
#14 [internal function]: Illuminate\\Foundation\\Application->Illuminate\\Foundation\\{closure}(Object(App\\Providers\\AppServiceProvider), 'App\\\\Providers\\\\A...')
#15 D:\\laragon\\Zip data\\lernen-zip\\lernen-308\\lernen-main-file\\lernen\\vendor\\laravel\\framework\\src\\Illuminate\\Foundation\\Application.php(1131): array_walk(Array, Object(Closure))
#16 D:\\laragon\\Zip data\\lernen-zip\\lernen-308\\lernen-main-file\\lernen\\vendor\\laravel\\framework\\src\\Illuminate\\Foundation\\Bootstrap\\BootProviders.php(17): Illuminate\\Foundation\\Application->boot()
#17 D:\\laragon\\Zip data\\lernen-zip\\lernen-308\\lernen-main-file\\lernen\\vendor\\laravel\\framework\\src\\Illuminate\\Foundation\\Application.php(342): Illuminate\\Foundation\\Bootstrap\\BootProviders->bootstrap(Object(Illuminate\\Foundation\\Application))
#18 D:\\laragon\\Zip data\\lernen-zip\\lernen-308\\lernen-main-file\\lernen\\vendor\\laravel\\framework\\src\\Illuminate\\Foundation\\Console\\Kernel.php(474): Illuminate\\Foundation\\Application->bootstrapWith(Array)
#19 D:\\laragon\\Zip data\\lernen-zip\\lernen-308\\lernen-main-file\\lernen\\vendor\\laravel\\framework\\src\\Illuminate\\Foundation\\Console\\Kernel.php(196): Illuminate\\Foundation\\Console\\Kernel->bootstrap()
#20 Command line code(1): Illuminate\\Foundation\\Console\\Kernel->handle(Object(Symfony\\Component\\Console\\Input\\ArgvInput), Object(Symfony\\Component\\Console\\Output\\ConsoleOutput))
#21 {main}

[previous exception] [object] (PDOException(code: 1049): SQLSTATE[HY000] [1049] Unknown database 'lernendb' at D:\\laragon\\Zip data\\lernen-zip\\lernen-308\\lernen-main-file\\lernen\\vendor\\laravel\\framework\\src\\Illuminate\\Database\\Connectors\\Connector.php:66)
[stacktrace]
#0 D:\\laragon\\Zip data\\lernen-zip\\lernen-308\\lernen-main-file\\lernen\\vendor\\laravel\\framework\\src\\Illuminate\\Database\\Connectors\\Connector.php(66): PDO->__construct('mysql:host=loca...', 'root', Object(SensitiveParameterValue), Array)
#1 D:\\laragon\\Zip data\\lernen-zip\\lernen-308\\lernen-main-file\\lernen\\vendor\\laravel\\framework\\src\\Illuminate\\Database\\Connectors\\Connector.php(44): Illuminate\\Database\\Connectors\\Connector->createPdoConnection('mysql:host=loca...', 'root', Object(SensitiveParameterValue), Array)
#2 D:\\laragon\\Zip data\\lernen-zip\\lernen-308\\lernen-main-file\\lernen\\vendor\\laravel\\framework\\src\\Illuminate\\Database\\Connectors\\MySqlConnector.php(24): Illuminate\\Database\\Connectors\\Connector->createConnection('mysql:host=loca...', Array, Array)
#3 D:\\laragon\\Zip data\\lernen-zip\\lernen-308\\lernen-main-file\\lernen\\vendor\\laravel\\framework\\src\\Illuminate\\Database\\Connectors\\ConnectionFactory.php(185): Illuminate\\Database\\Connectors\\MySqlConnector->connect(Array)
#4 [internal function]: Illuminate\\Database\\Connectors\\ConnectionFactory->Illuminate\\Database\\Connectors\\{closure}()
#5 D:\\laragon\\Zip data\\lernen-zip\\lernen-308\\lernen-main-file\\lernen\\vendor\\laravel\\framework\\src\\Illuminate\\Database\\Connection.php(1231): call_user_func(Object(Closure))
#6 D:\\laragon\\Zip data\\lernen-zip\\lernen-308\\lernen-main-file\\lernen\\vendor\\laravel\\framework\\src\\Illuminate\\Database\\Connection.php(1267): Illuminate\\Database\\Connection->getPdo()
#7 D:\\laragon\\Zip data\\lernen-zip\\lernen-308\\lernen-main-file\\lernen\\vendor\\laravel\\framework\\src\\Illuminate\\Database\\Connection.php(512): Illuminate\\Database\\Connection->getReadPdo()
#8 D:\\laragon\\Zip data\\lernen-zip\\lernen-308\\lernen-main-file\\lernen\\vendor\\laravel\\framework\\src\\Illuminate\\Database\\Connection.php(407): Illuminate\\Database\\Connection->getPdoForSelect(true)
#9 D:\\laragon\\Zip data\\lernen-zip\\lernen-308\\lernen-main-file\\lernen\\vendor\\laravel\\framework\\src\\Illuminate\\Database\\Connection.php(812): Illuminate\\Database\\Connection->Illuminate\\Database\\{closure}('select exists (...', Array)
#10 D:\\laragon\\Zip data\\lernen-zip\\lernen-308\\lernen-main-file\\lernen\\vendor\\laravel\\framework\\src\\Illuminate\\Database\\Connection.php(779): Illuminate\\Database\\Connection->runQueryCallback('select exists (...', Array, Object(Closure))
#11 D:\\laragon\\Zip data\\lernen-zip\\lernen-308\\lernen-main-file\\lernen\\vendor\\laravel\\framework\\src\\Illuminate\\Database\\Connection.php(398): Illuminate\\Database\\Connection->run('select exists (...', Array, Object(Closure))
#12 D:\\laragon\\Zip data\\lernen-zip\\lernen-308\\lernen-main-file\\lernen\\vendor\\laravel\\framework\\src\\Illuminate\\Database\\Connection.php(344): Illuminate\\Database\\Connection->select('select exists (...', Array, true)
#13 D:\\laragon\\Zip data\\lernen-zip\\lernen-308\\lernen-main-file\\lernen\\vendor\\laravel\\framework\\src\\Illuminate\\Database\\Connection.php(361): Illuminate\\Database\\Connection->selectOne('select exists (...', Array, true)
#14 D:\\laragon\\Zip data\\lernen-zip\\lernen-308\\lernen-main-file\\lernen\\vendor\\laravel\\framework\\src\\Illuminate\\Database\\Schema\\MySqlBuilder.php(45): Illuminate\\Database\\Connection->scalar('select exists (...')
#15 D:\\laragon\\Zip data\\lernen-zip\\lernen-308\\lernen-main-file\\lernen\\vendor\\laravel\\framework\\src\\Illuminate\\Support\\Facades\\Facade.php(361): Illuminate\\Database\\Schema\\MySqlBuilder->hasTable('optionbuilder__...')
#16 D:\\laragon\\Zip data\\lernen-zip\\lernen-308\\lernen-main-file\\lernen\\app\\Providers\\AppServiceProvider.php(50): Illuminate\\Support\\Facades\\Facade::__callStatic('hasTable', Array)
#17 D:\\laragon\\Zip data\\lernen-zip\\lernen-308\\lernen-main-file\\lernen\\vendor\\laravel\\framework\\src\\Illuminate\\Container\\BoundMethod.php(36): App\\Providers\\AppServiceProvider->boot()
#18 D:\\laragon\\Zip data\\lernen-zip\\lernen-308\\lernen-main-file\\lernen\\vendor\\laravel\\framework\\src\\Illuminate\\Container\\Util.php(43): Illuminate\\Container\\BoundMethod::Illuminate\\Container\\{closure}()
#19 D:\\laragon\\Zip data\\lernen-zip\\lernen-308\\lernen-main-file\\lernen\\vendor\\laravel\\framework\\src\\Illuminate\\Container\\BoundMethod.php(95): Illuminate\\Container\\Util::unwrapIfClosure(Object(Closure))
#20 D:\\laragon\\Zip data\\lernen-zip\\lernen-308\\lernen-main-file\\lernen\\vendor\\laravel\\framework\\src\\Illuminate\\Container\\BoundMethod.php(35): Illuminate\\Container\\BoundMethod::callBoundMethod(Object(Illuminate\\Foundation\\Application), Array, Object(Closure))
#21 D:\\laragon\\Zip data\\lernen-zip\\lernen-308\\lernen-main-file\\lernen\\vendor\\laravel\\framework\\src\\Illuminate\\Container\\Container.php(696): Illuminate\\Container\\BoundMethod::call(Object(Illuminate\\Foundation\\Application), Array, Array, NULL)
#22 D:\\laragon\\Zip data\\lernen-zip\\lernen-308\\lernen-main-file\\lernen\\vendor\\laravel\\framework\\src\\Illuminate\\Foundation\\Application.php(1151): Illuminate\\Container\\Container->call(Array)
#23 D:\\laragon\\Zip data\\lernen-zip\\lernen-308\\lernen-main-file\\lernen\\vendor\\laravel\\framework\\src\\Illuminate\\Foundation\\Application.php(1132): Illuminate\\Foundation\\Application->bootProvider(Object(App\\Providers\\AppServiceProvider))
#24 [internal function]: Illuminate\\Foundation\\Application->Illuminate\\Foundation\\{closure}(Object(App\\Providers\\AppServiceProvider), 'App\\\\Providers\\\\A...')
#25 D:\\laragon\\Zip data\\lernen-zip\\lernen-308\\lernen-main-file\\lernen\\vendor\\laravel\\framework\\src\\Illuminate\\Foundation\\Application.php(1131): array_walk(Array, Object(Closure))
#26 D:\\laragon\\Zip data\\lernen-zip\\lernen-308\\lernen-main-file\\lernen\\vendor\\laravel\\framework\\src\\Illuminate\\Foundation\\Bootstrap\\BootProviders.php(17): Illuminate\\Foundation\\Application->boot()
#27 D:\\laragon\\Zip data\\lernen-zip\\lernen-308\\lernen-main-file\\lernen\\vendor\\laravel\\framework\\src\\Illuminate\\Foundation\\Application.php(342): Illuminate\\Foundation\\Bootstrap\\BootProviders->bootstrap(Object(Illuminate\\Foundation\\Application))
#28 D:\\laragon\\Zip data\\lernen-zip\\lernen-308\\lernen-main-file\\lernen\\vendor\\laravel\\framework\\src\\Illuminate\\Foundation\\Console\\Kernel.php(474): Illuminate\\Foundation\\Application->bootstrapWith(Array)
#29 D:\\laragon\\Zip data\\lernen-zip\\lernen-308\\lernen-main-file\\lernen\\vendor\\laravel\\framework\\src\\Illuminate\\Foundation\\Console\\Kernel.php(196): Illuminate\\Foundation\\Console\\Kernel->bootstrap()
#30 Command line code(1): Illuminate\\Foundation\\Console\\Kernel->handle(Object(Symfony\\Component\\Console\\Input\\ArgvInput), Object(Symfony\\Component\\Console\\Output\\ConsoleOutput))
#31 {main}
"} 
[2025-11-17 06:55:03] production.ERROR: SQLSTATE[HY000] [1049] Unknown database 'lernendb' (Connection: mysql, SQL: select exists (select 1 from information_schema.tables where table_schema = 'lernendb' and table_name = 'optionbuilder__settings' and table_type in ('BASE TABLE', 'SYSTEM VERSIONED')) as `exists`) {"exception":"[object] (Illuminate\\Database\\QueryException(code: 1049): SQLSTATE[HY000] [1049] Unknown database 'lernendb' (Connection: mysql, SQL: select exists (select 1 from information_schema.tables where table_schema = 'lernendb' and table_name = 'optionbuilder__settings' and table_type in ('BASE TABLE', 'SYSTEM VERSIONED')) as `exists`) at D:\\laragon\\Zip data\\lernen-zip\\lernen-308\\lernen-main-file\\lernen\\vendor\\laravel\\framework\\src\\Illuminate\\Database\\Connection.php:825)
[stacktrace]
#0 D:\\laragon\\Zip data\\lernen-zip\\lernen-308\\lernen-main-file\\lernen\\vendor\\laravel\\framework\\src\\Illuminate\\Database\\Connection.php(779): Illuminate\\Database\\Connection->runQueryCallback('select exists (...', Array, Object(Closure))
#1 D:\\laragon\\Zip data\\lernen-zip\\lernen-308\\lernen-main-file\\lernen\\vendor\\laravel\\framework\\src\\Illuminate\\Database\\Connection.php(398): Illuminate\\Database\\Connection->run('select exists (...', Array, Object(Closure))
#2 D:\\laragon\\Zip data\\lernen-zip\\lernen-308\\lernen-main-file\\lernen\\vendor\\laravel\\framework\\src\\Illuminate\\Database\\Connection.php(344): Illuminate\\Database\\Connection->select('select exists (...', Array, true)
#3 D:\\laragon\\Zip data\\lernen-zip\\lernen-308\\lernen-main-file\\lernen\\vendor\\laravel\\framework\\src\\Illuminate\\Database\\Connection.php(361): Illuminate\\Database\\Connection->selectOne('select exists (...', Array, true)
#4 D:\\laragon\\Zip data\\lernen-zip\\lernen-308\\lernen-main-file\\lernen\\vendor\\laravel\\framework\\src\\Illuminate\\Database\\Schema\\MySqlBuilder.php(45): Illuminate\\Database\\Connection->scalar('select exists (...')
#5 D:\\laragon\\Zip data\\lernen-zip\\lernen-308\\lernen-main-file\\lernen\\vendor\\laravel\\framework\\src\\Illuminate\\Support\\Facades\\Facade.php(361): Illuminate\\Database\\Schema\\MySqlBuilder->hasTable('optionbuilder__...')
#6 D:\\laragon\\Zip data\\lernen-zip\\lernen-308\\lernen-main-file\\lernen\\app\\Providers\\AppServiceProvider.php(50): Illuminate\\Support\\Facades\\Facade::__callStatic('hasTable', Array)
#7 D:\\laragon\\Zip data\\lernen-zip\\lernen-308\\lernen-main-file\\lernen\\vendor\\laravel\\framework\\src\\Illuminate\\Container\\BoundMethod.php(36): App\\Providers\\AppServiceProvider->boot()
#8 D:\\laragon\\Zip data\\lernen-zip\\lernen-308\\lernen-main-file\\lernen\\vendor\\laravel\\framework\\src\\Illuminate\\Container\\Util.php(43): Illuminate\\Container\\BoundMethod::Illuminate\\Container\\{closure}()
#9 D:\\laragon\\Zip data\\lernen-zip\\lernen-308\\lernen-main-file\\lernen\\vendor\\laravel\\framework\\src\\Illuminate\\Container\\BoundMethod.php(95): Illuminate\\Container\\Util::unwrapIfClosure(Object(Closure))
#10 D:\\laragon\\Zip data\\lernen-zip\\lernen-308\\lernen-main-file\\lernen\\vendor\\laravel\\framework\\src\\Illuminate\\Container\\BoundMethod.php(35): Illuminate\\Container\\BoundMethod::callBoundMethod(Object(Illuminate\\Foundation\\Application), Array, Object(Closure))
#11 D:\\laragon\\Zip data\\lernen-zip\\lernen-308\\lernen-main-file\\lernen\\vendor\\laravel\\framework\\src\\Illuminate\\Container\\Container.php(696): Illuminate\\Container\\BoundMethod::call(Object(Illuminate\\Foundation\\Application), Array, Array, NULL)
#12 D:\\laragon\\Zip data\\lernen-zip\\lernen-308\\lernen-main-file\\lernen\\vendor\\laravel\\framework\\src\\Illuminate\\Foundation\\Application.php(1151): Illuminate\\Container\\Container->call(Array)
#13 D:\\laragon\\Zip data\\lernen-zip\\lernen-308\\lernen-main-file\\lernen\\vendor\\laravel\\framework\\src\\Illuminate\\Foundation\\Application.php(1132): Illuminate\\Foundation\\Application->bootProvider(Object(App\\Providers\\AppServiceProvider))
#14 [internal function]: Illuminate\\Foundation\\Application->Illuminate\\Foundation\\{closure}(Object(App\\Providers\\AppServiceProvider), 'App\\\\Providers\\\\A...')
#15 D:\\laragon\\Zip data\\lernen-zip\\lernen-308\\lernen-main-file\\lernen\\vendor\\laravel\\framework\\src\\Illuminate\\Foundation\\Application.php(1131): array_walk(Array, Object(Closure))
#16 D:\\laragon\\Zip data\\lernen-zip\\lernen-308\\lernen-main-file\\lernen\\vendor\\laravel\\framework\\src\\Illuminate\\Foundation\\Bootstrap\\BootProviders.php(17): Illuminate\\Foundation\\Application->boot()
#17 D:\\laragon\\Zip data\\lernen-zip\\lernen-308\\lernen-main-file\\lernen\\vendor\\laravel\\framework\\src\\Illuminate\\Foundation\\Application.php(342): Illuminate\\Foundation\\Bootstrap\\BootProviders->bootstrap(Object(Illuminate\\Foundation\\Application))
#18 D:\\laragon\\Zip data\\lernen-zip\\lernen-308\\lernen-main-file\\lernen\\vendor\\laravel\\framework\\src\\Illuminate\\Foundation\\Console\\Kernel.php(474): Illuminate\\Foundation\\Application->bootstrapWith(Array)
#19 D:\\laragon\\Zip data\\lernen-zip\\lernen-308\\lernen-main-file\\lernen\\vendor\\laravel\\framework\\src\\Illuminate\\Foundation\\Console\\Kernel.php(196): Illuminate\\Foundation\\Console\\Kernel->bootstrap()
#20 Command line code(1): Illuminate\\Foundation\\Console\\Kernel->handle(Object(Symfony\\Component\\Console\\Input\\ArgvInput), Object(Symfony\\Component\\Console\\Output\\ConsoleOutput))
#21 {main}

[previous exception] [object] (PDOException(code: 1049): SQLSTATE[HY000] [1049] Unknown database 'lernendb' at D:\\laragon\\Zip data\\lernen-zip\\lernen-308\\lernen-main-file\\lernen\\vendor\\laravel\\framework\\src\\Illuminate\\Database\\Connectors\\Connector.php:66)
[stacktrace]
#0 D:\\laragon\\Zip data\\lernen-zip\\lernen-308\\lernen-main-file\\lernen\\vendor\\laravel\\framework\\src\\Illuminate\\Database\\Connectors\\Connector.php(66): PDO->__construct('mysql:host=loca...', 'root', Object(SensitiveParameterValue), Array)
#1 D:\\laragon\\Zip data\\lernen-zip\\lernen-308\\lernen-main-file\\lernen\\vendor\\laravel\\framework\\src\\Illuminate\\Database\\Connectors\\Connector.php(44): Illuminate\\Database\\Connectors\\Connector->createPdoConnection('mysql:host=loca...', 'root', Object(SensitiveParameterValue), Array)
#2 D:\\laragon\\Zip data\\lernen-zip\\lernen-308\\lernen-main-file\\lernen\\vendor\\laravel\\framework\\src\\Illuminate\\Database\\Connectors\\MySqlConnector.php(24): Illuminate\\Database\\Connectors\\Connector->createConnection('mysql:host=loca...', Array, Array)
#3 D:\\laragon\\Zip data\\lernen-zip\\lernen-308\\lernen-main-file\\lernen\\vendor\\laravel\\framework\\src\\Illuminate\\Database\\Connectors\\ConnectionFactory.php(185): Illuminate\\Database\\Connectors\\MySqlConnector->connect(Array)
#4 [internal function]: Illuminate\\Database\\Connectors\\ConnectionFactory->Illuminate\\Database\\Connectors\\{closure}()
#5 D:\\laragon\\Zip data\\lernen-zip\\lernen-308\\lernen-main-file\\lernen\\vendor\\laravel\\framework\\src\\Illuminate\\Database\\Connection.php(1231): call_user_func(Object(Closure))
#6 D:\\laragon\\Zip data\\lernen-zip\\lernen-308\\lernen-main-file\\lernen\\vendor\\laravel\\framework\\src\\Illuminate\\Database\\Connection.php(1267): Illuminate\\Database\\Connection->getPdo()
#7 D:\\laragon\\Zip data\\lernen-zip\\lernen-308\\lernen-main-file\\lernen\\vendor\\laravel\\framework\\src\\Illuminate\\Database\\Connection.php(512): Illuminate\\Database\\Connection->getReadPdo()
#8 D:\\laragon\\Zip data\\lernen-zip\\lernen-308\\lernen-main-file\\lernen\\vendor\\laravel\\framework\\src\\Illuminate\\Database\\Connection.php(407): Illuminate\\Database\\Connection->getPdoForSelect(true)
#9 D:\\laragon\\Zip data\\lernen-zip\\lernen-308\\lernen-main-file\\lernen\\vendor\\laravel\\framework\\src\\Illuminate\\Database\\Connection.php(812): Illuminate\\Database\\Connection->Illuminate\\Database\\{closure}('select exists (...', Array)
#10 D:\\laragon\\Zip data\\lernen-zip\\lernen-308\\lernen-main-file\\lernen\\vendor\\laravel\\framework\\src\\Illuminate\\Database\\Connection.php(779): Illuminate\\Database\\Connection->runQueryCallback('select exists (...', Array, Object(Closure))
#11 D:\\laragon\\Zip data\\lernen-zip\\lernen-308\\lernen-main-file\\lernen\\vendor\\laravel\\framework\\src\\Illuminate\\Database\\Connection.php(398): Illuminate\\Database\\Connection->run('select exists (...', Array, Object(Closure))
#12 D:\\laragon\\Zip data\\lernen-zip\\lernen-308\\lernen-main-file\\lernen\\vendor\\laravel\\framework\\src\\Illuminate\\Database\\Connection.php(344): Illuminate\\Database\\Connection->select('select exists (...', Array, true)
#13 D:\\laragon\\Zip data\\lernen-zip\\lernen-308\\lernen-main-file\\lernen\\vendor\\laravel\\framework\\src\\Illuminate\\Database\\Connection.php(361): Illuminate\\Database\\Connection->selectOne('select exists (...', Array, true)
#14 D:\\laragon\\Zip data\\lernen-zip\\lernen-308\\lernen-main-file\\lernen\\vendor\\laravel\\framework\\src\\Illuminate\\Database\\Schema\\MySqlBuilder.php(45): Illuminate\\Database\\Connection->scalar('select exists (...')
#15 D:\\laragon\\Zip data\\lernen-zip\\lernen-308\\lernen-main-file\\lernen\\vendor\\laravel\\framework\\src\\Illuminate\\Support\\Facades\\Facade.php(361): Illuminate\\Database\\Schema\\MySqlBuilder->hasTable('optionbuilder__...')
#16 D:\\laragon\\Zip data\\lernen-zip\\lernen-308\\lernen-main-file\\lernen\\app\\Providers\\AppServiceProvider.php(50): Illuminate\\Support\\Facades\\Facade::__callStatic('hasTable', Array)
#17 D:\\laragon\\Zip data\\lernen-zip\\lernen-308\\lernen-main-file\\lernen\\vendor\\laravel\\framework\\src\\Illuminate\\Container\\BoundMethod.php(36): App\\Providers\\AppServiceProvider->boot()
#18 D:\\laragon\\Zip data\\lernen-zip\\lernen-308\\lernen-main-file\\lernen\\vendor\\laravel\\framework\\src\\Illuminate\\Container\\Util.php(43): Illuminate\\Container\\BoundMethod::Illuminate\\Container\\{closure}()
#19 D:\\laragon\\Zip data\\lernen-zip\\lernen-308\\lernen-main-file\\lernen\\vendor\\laravel\\framework\\src\\Illuminate\\Container\\BoundMethod.php(95): Illuminate\\Container\\Util::unwrapIfClosure(Object(Closure))
#20 D:\\laragon\\Zip data\\lernen-zip\\lernen-308\\lernen-main-file\\lernen\\vendor\\laravel\\framework\\src\\Illuminate\\Container\\BoundMethod.php(35): Illuminate\\Container\\BoundMethod::callBoundMethod(Object(Illuminate\\Foundation\\Application), Array, Object(Closure))
#21 D:\\laragon\\Zip data\\lernen-zip\\lernen-308\\lernen-main-file\\lernen\\vendor\\laravel\\framework\\src\\Illuminate\\Container\\Container.php(696): Illuminate\\Container\\BoundMethod::call(Object(Illuminate\\Foundation\\Application), Array, Array, NULL)
#22 D:\\laragon\\Zip data\\lernen-zip\\lernen-308\\lernen-main-file\\lernen\\vendor\\laravel\\framework\\src\\Illuminate\\Foundation\\Application.php(1151): Illuminate\\Container\\Container->call(Array)
#23 D:\\laragon\\Zip data\\lernen-zip\\lernen-308\\lernen-main-file\\lernen\\vendor\\laravel\\framework\\src\\Illuminate\\Foundation\\Application.php(1132): Illuminate\\Foundation\\Application->bootProvider(Object(App\\Providers\\AppServiceProvider))
#24 [internal function]: Illuminate\\Foundation\\Application->Illuminate\\Foundation\\{closure}(Object(App\\Providers\\AppServiceProvider), 'App\\\\Providers\\\\A...')
#25 D:\\laragon\\Zip data\\lernen-zip\\lernen-308\\lernen-main-file\\lernen\\vendor\\laravel\\framework\\src\\Illuminate\\Foundation\\Application.php(1131): array_walk(Array, Object(Closure))
#26 D:\\laragon\\Zip data\\lernen-zip\\lernen-308\\lernen-main-file\\lernen\\vendor\\laravel\\framework\\src\\Illuminate\\Foundation\\Bootstrap\\BootProviders.php(17): Illuminate\\Foundation\\Application->boot()
#27 D:\\laragon\\Zip data\\lernen-zip\\lernen-308\\lernen-main-file\\lernen\\vendor\\laravel\\framework\\src\\Illuminate\\Foundation\\Application.php(342): Illuminate\\Foundation\\Bootstrap\\BootProviders->bootstrap(Object(Illuminate\\Foundation\\Application))
#28 D:\\laragon\\Zip data\\lernen-zip\\lernen-308\\lernen-main-file\\lernen\\vendor\\laravel\\framework\\src\\Illuminate\\Foundation\\Console\\Kernel.php(474): Illuminate\\Foundation\\Application->bootstrapWith(Array)
#29 D:\\laragon\\Zip data\\lernen-zip\\lernen-308\\lernen-main-file\\lernen\\vendor\\laravel\\framework\\src\\Illuminate\\Foundation\\Console\\Kernel.php(196): Illuminate\\Foundation\\Console\\Kernel->bootstrap()
#30 Command line code(1): Illuminate\\Foundation\\Console\\Kernel->handle(Object(Symfony\\Component\\Console\\Input\\ArgvInput), Object(Symfony\\Component\\Console\\Output\\ConsoleOutput))
#31 {main}
"} 
[2025-11-17 06:57:45] production.ERROR: Database file at path [D:\laragon\Zip data\lernen-zip\lernen-308\lernen-main-file\lernen\database\database.sqlite] does not exist. Ensure this is an absolute path to the database. (Connection: sqlite, SQL: select exists (select 1 from sqlite_master where name = 'optionbuilder__settings' and type = 'table') as "exists") {"exception":"[object] (Illuminate\\Database\\QueryException(code: 0): Database file at path [D:\\laragon\\Zip data\\lernen-zip\\lernen-308\\lernen-main-file\\lernen\\database\\database.sqlite] does not exist. Ensure this is an absolute path to the database. (Connection: sqlite, SQL: select exists (select 1 from sqlite_master where name = 'optionbuilder__settings' and type = 'table') as \"exists\") at D:\\laragon\\Zip data\\lernen-zip\\lernen-308\\lernen-main-file\\lernen\\vendor\\laravel\\framework\\src\\Illuminate\\Database\\Connection.php:825)
[stacktrace]
#0 D:\\laragon\\Zip data\\lernen-zip\\lernen-308\\lernen-main-file\\lernen\\vendor\\laravel\\framework\\src\\Illuminate\\Database\\Connection.php(779): Illuminate\\Database\\Connection->runQueryCallback('select exists (...', Array, Object(Closure))
#1 D:\\laragon\\Zip data\\lernen-zip\\lernen-308\\lernen-main-file\\lernen\\vendor\\laravel\\framework\\src\\Illuminate\\Database\\Connection.php(398): Illuminate\\Database\\Connection->run('select exists (...', Array, Object(Closure))
#2 D:\\laragon\\Zip data\\lernen-zip\\lernen-308\\lernen-main-file\\lernen\\vendor\\laravel\\framework\\src\\Illuminate\\Database\\Connection.php(344): Illuminate\\Database\\Connection->select('select exists (...', Array, true)
#3 D:\\laragon\\Zip data\\lernen-zip\\lernen-308\\lernen-main-file\\lernen\\vendor\\laravel\\framework\\src\\Illuminate\\Database\\Connection.php(361): Illuminate\\Database\\Connection->selectOne('select exists (...', Array, true)
#4 D:\\laragon\\Zip data\\lernen-zip\\lernen-308\\lernen-main-file\\lernen\\vendor\\laravel\\framework\\src\\Illuminate\\Database\\Schema\\SQLiteBuilder.php(44): Illuminate\\Database\\Connection->scalar('select exists (...')
#5 D:\\laragon\\Zip data\\lernen-zip\\lernen-308\\lernen-main-file\\lernen\\vendor\\laravel\\framework\\src\\Illuminate\\Support\\Facades\\Facade.php(361): Illuminate\\Database\\Schema\\SQLiteBuilder->hasTable('optionbuilder__...')
#6 D:\\laragon\\Zip data\\lernen-zip\\lernen-308\\lernen-main-file\\lernen\\app\\Providers\\AppServiceProvider.php(50): Illuminate\\Support\\Facades\\Facade::__callStatic('hasTable', Array)
#7 D:\\laragon\\Zip data\\lernen-zip\\lernen-308\\lernen-main-file\\lernen\\vendor\\laravel\\framework\\src\\Illuminate\\Container\\BoundMethod.php(36): App\\Providers\\AppServiceProvider->boot()
#8 D:\\laragon\\Zip data\\lernen-zip\\lernen-308\\lernen-main-file\\lernen\\vendor\\laravel\\framework\\src\\Illuminate\\Container\\Util.php(43): Illuminate\\Container\\BoundMethod::Illuminate\\Container\\{closure}()
#9 D:\\laragon\\Zip data\\lernen-zip\\lernen-308\\lernen-main-file\\lernen\\vendor\\laravel\\framework\\src\\Illuminate\\Container\\BoundMethod.php(95): Illuminate\\Container\\Util::unwrapIfClosure(Object(Closure))
#10 D:\\laragon\\Zip data\\lernen-zip\\lernen-308\\lernen-main-file\\lernen\\vendor\\laravel\\framework\\src\\Illuminate\\Container\\BoundMethod.php(35): Illuminate\\Container\\BoundMethod::callBoundMethod(Object(Illuminate\\Foundation\\Application), Array, Object(Closure))
#11 D:\\laragon\\Zip data\\lernen-zip\\lernen-308\\lernen-main-file\\lernen\\vendor\\laravel\\framework\\src\\Illuminate\\Container\\Container.php(696): Illuminate\\Container\\BoundMethod::call(Object(Illuminate\\Foundation\\Application), Array, Array, NULL)
#12 D:\\laragon\\Zip data\\lernen-zip\\lernen-308\\lernen-main-file\\lernen\\vendor\\laravel\\framework\\src\\Illuminate\\Foundation\\Application.php(1151): Illuminate\\Container\\Container->call(Array)
#13 D:\\laragon\\Zip data\\lernen-zip\\lernen-308\\lernen-main-file\\lernen\\vendor\\laravel\\framework\\src\\Illuminate\\Foundation\\Application.php(1132): Illuminate\\Foundation\\Application->bootProvider(Object(App\\Providers\\AppServiceProvider))
#14 [internal function]: Illuminate\\Foundation\\Application->Illuminate\\Foundation\\{closure}(Object(App\\Providers\\AppServiceProvider), 'App\\\\Providers\\\\A...')
#15 D:\\laragon\\Zip data\\lernen-zip\\lernen-308\\lernen-main-file\\lernen\\vendor\\laravel\\framework\\src\\Illuminate\\Foundation\\Application.php(1131): array_walk(Array, Object(Closure))
#16 D:\\laragon\\Zip data\\lernen-zip\\lernen-308\\lernen-main-file\\lernen\\vendor\\laravel\\framework\\src\\Illuminate\\Foundation\\Bootstrap\\BootProviders.php(17): Illuminate\\Foundation\\Application->boot()
#17 D:\\laragon\\Zip data\\lernen-zip\\lernen-308\\lernen-main-file\\lernen\\vendor\\laravel\\framework\\src\\Illuminate\\Foundation\\Application.php(342): Illuminate\\Foundation\\Bootstrap\\BootProviders->bootstrap(Object(Illuminate\\Foundation\\Application))
#18 D:\\laragon\\Zip data\\lernen-zip\\lernen-308\\lernen-main-file\\lernen\\vendor\\laravel\\framework\\src\\Illuminate\\Foundation\\Console\\Kernel.php(474): Illuminate\\Foundation\\Application->bootstrapWith(Array)
#19 D:\\laragon\\Zip data\\lernen-zip\\lernen-308\\lernen-main-file\\lernen\\vendor\\laravel\\framework\\src\\Illuminate\\Foundation\\Console\\Kernel.php(196): Illuminate\\Foundation\\Console\\Kernel->bootstrap()
#20 D:\\laragon\\Zip data\\lernen-zip\\lernen-308\\lernen-main-file\\lernen\\vendor\\laravel\\framework\\src\\Illuminate\\Foundation\\Application.php(1235): Illuminate\\Foundation\\Console\\Kernel->handle(Object(Symfony\\Component\\Console\\Input\\ArgvInput), Object(Symfony\\Component\\Console\\Output\\ConsoleOutput))
#21 D:\\laragon\\Zip data\\lernen-zip\\lernen-308\\lernen-main-file\\lernen\\artisan(13): Illuminate\\Foundation\\Application->handleCommand(Object(Symfony\\Component\\Console\\Input\\ArgvInput))
#22 {main}

[previous exception] [object] (Illuminate\\Database\\SQLiteDatabaseDoesNotExistException(code: 0): Database file at path [D:\\laragon\\Zip data\\lernen-zip\\lernen-308\\lernen-main-file\\lernen\\database\\database.sqlite] does not exist. Ensure this is an absolute path to the database. at D:\\laragon\\Zip data\\lernen-zip\\lernen-308\\lernen-main-file\\lernen\\vendor\\laravel\\framework\\src\\Illuminate\\Database\\Connectors\\SQLiteConnector.php:37)
[stacktrace]
#0 D:\\laragon\\Zip data\\lernen-zip\\lernen-308\\lernen-main-file\\lernen\\vendor\\laravel\\framework\\src\\Illuminate\\Database\\Connectors\\ConnectionFactory.php(224): Illuminate\\Database\\Connectors\\SQLiteConnector->connect(Array)
#1 [internal function]: Illuminate\\Database\\Connectors\\ConnectionFactory->Illuminate\\Database\\Connectors\\{closure}()
#2 D:\\laragon\\Zip data\\lernen-zip\\lernen-308\\lernen-main-file\\lernen\\vendor\\laravel\\framework\\src\\Illuminate\\Database\\Connection.php(1231): call_user_func(Object(Closure))
#3 D:\\laragon\\Zip data\\lernen-zip\\lernen-308\\lernen-main-file\\lernen\\vendor\\laravel\\framework\\src\\Illuminate\\Database\\Connection.php(1267): Illuminate\\Database\\Connection->getPdo()
#4 D:\\laragon\\Zip data\\lernen-zip\\lernen-308\\lernen-main-file\\lernen\\vendor\\laravel\\framework\\src\\Illuminate\\Database\\Connection.php(512): Illuminate\\Database\\Connection->getReadPdo()
#5 D:\\laragon\\Zip data\\lernen-zip\\lernen-308\\lernen-main-file\\lernen\\vendor\\laravel\\framework\\src\\Illuminate\\Database\\Connection.php(407): Illuminate\\Database\\Connection->getPdoForSelect(true)
#6 D:\\laragon\\Zip data\\lernen-zip\\lernen-308\\lernen-main-file\\lernen\\vendor\\laravel\\framework\\src\\Illuminate\\Database\\Connection.php(812): Illuminate\\Database\\Connection->Illuminate\\Database\\{closure}('select exists (...', Array)
#7 D:\\laragon\\Zip data\\lernen-zip\\lernen-308\\lernen-main-file\\lernen\\vendor\\laravel\\framework\\src\\Illuminate\\Database\\Connection.php(779): Illuminate\\Database\\Connection->runQueryCallback('select exists (...', Array, Object(Closure))
#8 D:\\laragon\\Zip data\\lernen-zip\\lernen-308\\lernen-main-file\\lernen\\vendor\\laravel\\framework\\src\\Illuminate\\Database\\Connection.php(398): Illuminate\\Database\\Connection->run('select exists (...', Array, Object(Closure))
#9 D:\\laragon\\Zip data\\lernen-zip\\lernen-308\\lernen-main-file\\lernen\\vendor\\laravel\\framework\\src\\Illuminate\\Database\\Connection.php(344): Illuminate\\Database\\Connection->select('select exists (...', Array, true)
#10 D:\\laragon\\Zip data\\lernen-zip\\lernen-308\\lernen-main-file\\lernen\\vendor\\laravel\\framework\\src\\Illuminate\\Database\\Connection.php(361): Illuminate\\Database\\Connection->selectOne('select exists (...', Array, true)
#11 D:\\laragon\\Zip data\\lernen-zip\\lernen-308\\lernen-main-file\\lernen\\vendor\\laravel\\framework\\src\\Illuminate\\Database\\Schema\\SQLiteBuilder.php(44): Illuminate\\Database\\Connection->scalar('select exists (...')
#12 D:\\laragon\\Zip data\\lernen-zip\\lernen-308\\lernen-main-file\\lernen\\vendor\\laravel\\framework\\src\\Illuminate\\Support\\Facades\\Facade.php(361): Illuminate\\Database\\Schema\\SQLiteBuilder->hasTable('optionbuilder__...')
#13 D:\\laragon\\Zip data\\lernen-zip\\lernen-308\\lernen-main-file\\lernen\\app\\Providers\\AppServiceProvider.php(50): Illuminate\\Support\\Facades\\Facade::__callStatic('hasTable', Array)
#14 D:\\laragon\\Zip data\\lernen-zip\\lernen-308\\lernen-main-file\\lernen\\vendor\\laravel\\framework\\src\\Illuminate\\Container\\BoundMethod.php(36): App\\Providers\\AppServiceProvider->boot()
#15 D:\\laragon\\Zip data\\lernen-zip\\lernen-308\\lernen-main-file\\lernen\\vendor\\laravel\\framework\\src\\Illuminate\\Container\\Util.php(43): Illuminate\\Container\\BoundMethod::Illuminate\\Container\\{closure}()
#16 D:\\laragon\\Zip data\\lernen-zip\\lernen-308\\lernen-main-file\\lernen\\vendor\\laravel\\framework\\src\\Illuminate\\Container\\BoundMethod.php(95): Illuminate\\Container\\Util::unwrapIfClosure(Object(Closure))
#17 D:\\laragon\\Zip data\\lernen-zip\\lernen-308\\lernen-main-file\\lernen\\vendor\\laravel\\framework\\src\\Illuminate\\Container\\BoundMethod.php(35): Illuminate\\Container\\BoundMethod::callBoundMethod(Object(Illuminate\\Foundation\\Application), Array, Object(Closure))
#18 D:\\laragon\\Zip data\\lernen-zip\\lernen-308\\lernen-main-file\\lernen\\vendor\\laravel\\framework\\src\\Illuminate\\Container\\Container.php(696): Illuminate\\Container\\BoundMethod::call(Object(Illuminate\\Foundation\\Application), Array, Array, NULL)
#19 D:\\laragon\\Zip data\\lernen-zip\\lernen-308\\lernen-main-file\\lernen\\vendor\\laravel\\framework\\src\\Illuminate\\Foundation\\Application.php(1151): Illuminate\\Container\\Container->call(Array)
#20 D:\\laragon\\Zip data\\lernen-zip\\lernen-308\\lernen-main-file\\lernen\\vendor\\laravel\\framework\\src\\Illuminate\\Foundation\\Application.php(1132): Illuminate\\Foundation\\Application->bootProvider(Object(App\\Providers\\AppServiceProvider))
#21 [internal function]: Illuminate\\Foundation\\Application->Illuminate\\Foundation\\{closure}(Object(App\\Providers\\AppServiceProvider), 'App\\\\Providers\\\\A...')
#22 D:\\laragon\\Zip data\\lernen-zip\\lernen-308\\lernen-main-file\\lernen\\vendor\\laravel\\framework\\src\\Illuminate\\Foundation\\Application.php(1131): array_walk(Array, Object(Closure))
#23 D:\\laragon\\Zip data\\lernen-zip\\lernen-308\\lernen-main-file\\lernen\\vendor\\laravel\\framework\\src\\Illuminate\\Foundation\\Bootstrap\\BootProviders.php(17): Illuminate\\Foundation\\Application->boot()
#24 D:\\laragon\\Zip data\\lernen-zip\\lernen-308\\lernen-main-file\\lernen\\vendor\\laravel\\framework\\src\\Illuminate\\Foundation\\Application.php(342): Illuminate\\Foundation\\Bootstrap\\BootProviders->bootstrap(Object(Illuminate\\Foundation\\Application))
#25 D:\\laragon\\Zip data\\lernen-zip\\lernen-308\\lernen-main-file\\lernen\\vendor\\laravel\\framework\\src\\Illuminate\\Foundation\\Console\\Kernel.php(474): Illuminate\\Foundation\\Application->bootstrapWith(Array)
#26 D:\\laragon\\Zip data\\lernen-zip\\lernen-308\\lernen-main-file\\lernen\\vendor\\laravel\\framework\\src\\Illuminate\\Foundation\\Console\\Kernel.php(196): Illuminate\\Foundation\\Console\\Kernel->bootstrap()
#27 D:\\laragon\\Zip data\\lernen-zip\\lernen-308\\lernen-main-file\\lernen\\vendor\\laravel\\framework\\src\\Illuminate\\Foundation\\Application.php(1235): Illuminate\\Foundation\\Console\\Kernel->handle(Object(Symfony\\Component\\Console\\Input\\ArgvInput), Object(Symfony\\Component\\Console\\Output\\ConsoleOutput))
#28 D:\\laragon\\Zip data\\lernen-zip\\lernen-308\\lernen-main-file\\lernen\\artisan(13): Illuminate\\Foundation\\Application->handleCommand(Object(Symfony\\Component\\Console\\Input\\ArgvInput))
#29 {main}
"} 
[2025-11-17 06:57:51] production.ERROR: Database file at path [D:\laragon\Zip data\lernen-zip\lernen-308\lernen-main-file\lernen\database\database.sqlite] does not exist. Ensure this is an absolute path to the database. (Connection: sqlite, SQL: select exists (select 1 from sqlite_master where name = 'optionbuilder__settings' and type = 'table') as "exists") {"exception":"[object] (Illuminate\\Database\\QueryException(code: 0): Database file at path [D:\\laragon\\Zip data\\lernen-zip\\lernen-308\\lernen-main-file\\lernen\\database\\database.sqlite] does not exist. Ensure this is an absolute path to the database. (Connection: sqlite, SQL: select exists (select 1 from sqlite_master where name = 'optionbuilder__settings' and type = 'table') as \"exists\") at D:\\laragon\\Zip data\\lernen-zip\\lernen-308\\lernen-main-file\\lernen\\vendor\\laravel\\framework\\src\\Illuminate\\Database\\Connection.php:825)
[stacktrace]
#0 D:\\laragon\\Zip data\\lernen-zip\\lernen-308\\lernen-main-file\\lernen\\vendor\\laravel\\framework\\src\\Illuminate\\Database\\Connection.php(779): Illuminate\\Database\\Connection->runQueryCallback('select exists (...', Array, Object(Closure))
#1 D:\\laragon\\Zip data\\lernen-zip\\lernen-308\\lernen-main-file\\lernen\\vendor\\laravel\\framework\\src\\Illuminate\\Database\\Connection.php(398): Illuminate\\Database\\Connection->run('select exists (...', Array, Object(Closure))
#2 D:\\laragon\\Zip data\\lernen-zip\\lernen-308\\lernen-main-file\\lernen\\vendor\\laravel\\framework\\src\\Illuminate\\Database\\Connection.php(344): Illuminate\\Database\\Connection->select('select exists (...', Array, true)
#3 D:\\laragon\\Zip data\\lernen-zip\\lernen-308\\lernen-main-file\\lernen\\vendor\\laravel\\framework\\src\\Illuminate\\Database\\Connection.php(361): Illuminate\\Database\\Connection->selectOne('select exists (...', Array, true)
#4 D:\\laragon\\Zip data\\lernen-zip\\lernen-308\\lernen-main-file\\lernen\\vendor\\laravel\\framework\\src\\Illuminate\\Database\\Schema\\SQLiteBuilder.php(44): Illuminate\\Database\\Connection->scalar('select exists (...')
#5 D:\\laragon\\Zip data\\lernen-zip\\lernen-308\\lernen-main-file\\lernen\\vendor\\laravel\\framework\\src\\Illuminate\\Support\\Facades\\Facade.php(361): Illuminate\\Database\\Schema\\SQLiteBuilder->hasTable('optionbuilder__...')
#6 D:\\laragon\\Zip data\\lernen-zip\\lernen-308\\lernen-main-file\\lernen\\app\\Providers\\AppServiceProvider.php(50): Illuminate\\Support\\Facades\\Facade::__callStatic('hasTable', Array)
#7 D:\\laragon\\Zip data\\lernen-zip\\lernen-308\\lernen-main-file\\lernen\\vendor\\laravel\\framework\\src\\Illuminate\\Container\\BoundMethod.php(36): App\\Providers\\AppServiceProvider->boot()
#8 D:\\laragon\\Zip data\\lernen-zip\\lernen-308\\lernen-main-file\\lernen\\vendor\\laravel\\framework\\src\\Illuminate\\Container\\Util.php(43): Illuminate\\Container\\BoundMethod::Illuminate\\Container\\{closure}()
#9 D:\\laragon\\Zip data\\lernen-zip\\lernen-308\\lernen-main-file\\lernen\\vendor\\laravel\\framework\\src\\Illuminate\\Container\\BoundMethod.php(95): Illuminate\\Container\\Util::unwrapIfClosure(Object(Closure))
#10 D:\\laragon\\Zip data\\lernen-zip\\lernen-308\\lernen-main-file\\lernen\\vendor\\laravel\\framework\\src\\Illuminate\\Container\\BoundMethod.php(35): Illuminate\\Container\\BoundMethod::callBoundMethod(Object(Illuminate\\Foundation\\Application), Array, Object(Closure))
#11 D:\\laragon\\Zip data\\lernen-zip\\lernen-308\\lernen-main-file\\lernen\\vendor\\laravel\\framework\\src\\Illuminate\\Container\\Container.php(696): Illuminate\\Container\\BoundMethod::call(Object(Illuminate\\Foundation\\Application), Array, Array, NULL)
#12 D:\\laragon\\Zip data\\lernen-zip\\lernen-308\\lernen-main-file\\lernen\\vendor\\laravel\\framework\\src\\Illuminate\\Foundation\\Application.php(1151): Illuminate\\Container\\Container->call(Array)
#13 D:\\laragon\\Zip data\\lernen-zip\\lernen-308\\lernen-main-file\\lernen\\vendor\\laravel\\framework\\src\\Illuminate\\Foundation\\Application.php(1132): Illuminate\\Foundation\\Application->bootProvider(Object(App\\Providers\\AppServiceProvider))
#14 [internal function]: Illuminate\\Foundation\\Application->Illuminate\\Foundation\\{closure}(Object(App\\Providers\\AppServiceProvider), 'App\\\\Providers\\\\A...')
#15 D:\\laragon\\Zip data\\lernen-zip\\lernen-308\\lernen-main-file\\lernen\\vendor\\laravel\\framework\\src\\Illuminate\\Foundation\\Application.php(1131): array_walk(Array, Object(Closure))
#16 D:\\laragon\\Zip data\\lernen-zip\\lernen-308\\lernen-main-file\\lernen\\vendor\\laravel\\framework\\src\\Illuminate\\Foundation\\Bootstrap\\BootProviders.php(17): Illuminate\\Foundation\\Application->boot()
#17 D:\\laragon\\Zip data\\lernen-zip\\lernen-308\\lernen-main-file\\lernen\\vendor\\laravel\\framework\\src\\Illuminate\\Foundation\\Application.php(342): Illuminate\\Foundation\\Bootstrap\\BootProviders->bootstrap(Object(Illuminate\\Foundation\\Application))
#18 D:\\laragon\\Zip data\\lernen-zip\\lernen-308\\lernen-main-file\\lernen\\vendor\\laravel\\framework\\src\\Illuminate\\Foundation\\Console\\Kernel.php(474): Illuminate\\Foundation\\Application->bootstrapWith(Array)
#19 D:\\laragon\\Zip data\\lernen-zip\\lernen-308\\lernen-main-file\\lernen\\vendor\\laravel\\framework\\src\\Illuminate\\Foundation\\Console\\Kernel.php(196): Illuminate\\Foundation\\Console\\Kernel->bootstrap()
#20 Command line code(1): Illuminate\\Foundation\\Console\\Kernel->handle(Object(Symfony\\Component\\Console\\Input\\ArgvInput), Object(Symfony\\Component\\Console\\Output\\ConsoleOutput))
#21 {main}

[previous exception] [object] (Illuminate\\Database\\SQLiteDatabaseDoesNotExistException(code: 0): Database file at path [D:\\laragon\\Zip data\\lernen-zip\\lernen-308\\lernen-main-file\\lernen\\database\\database.sqlite] does not exist. Ensure this is an absolute path to the database. at D:\\laragon\\Zip data\\lernen-zip\\lernen-308\\lernen-main-file\\lernen\\vendor\\laravel\\framework\\src\\Illuminate\\Database\\Connectors\\SQLiteConnector.php:37)
[stacktrace]
#0 D:\\laragon\\Zip data\\lernen-zip\\lernen-308\\lernen-main-file\\lernen\\vendor\\laravel\\framework\\src\\Illuminate\\Database\\Connectors\\ConnectionFactory.php(224): Illuminate\\Database\\Connectors\\SQLiteConnector->connect(Array)
#1 [internal function]: Illuminate\\Database\\Connectors\\ConnectionFactory->Illuminate\\Database\\Connectors\\{closure}()
#2 D:\\laragon\\Zip data\\lernen-zip\\lernen-308\\lernen-main-file\\lernen\\vendor\\laravel\\framework\\src\\Illuminate\\Database\\Connection.php(1231): call_user_func(Object(Closure))
#3 D:\\laragon\\Zip data\\lernen-zip\\lernen-308\\lernen-main-file\\lernen\\vendor\\laravel\\framework\\src\\Illuminate\\Database\\Connection.php(1267): Illuminate\\Database\\Connection->getPdo()
#4 D:\\laragon\\Zip data\\lernen-zip\\lernen-308\\lernen-main-file\\lernen\\vendor\\laravel\\framework\\src\\Illuminate\\Database\\Connection.php(512): Illuminate\\Database\\Connection->getReadPdo()
#5 D:\\laragon\\Zip data\\lernen-zip\\lernen-308\\lernen-main-file\\lernen\\vendor\\laravel\\framework\\src\\Illuminate\\Database\\Connection.php(407): Illuminate\\Database\\Connection->getPdoForSelect(true)
#6 D:\\laragon\\Zip data\\lernen-zip\\lernen-308\\lernen-main-file\\lernen\\vendor\\laravel\\framework\\src\\Illuminate\\Database\\Connection.php(812): Illuminate\\Database\\Connection->Illuminate\\Database\\{closure}('select exists (...', Array)
#7 D:\\laragon\\Zip data\\lernen-zip\\lernen-308\\lernen-main-file\\lernen\\vendor\\laravel\\framework\\src\\Illuminate\\Database\\Connection.php(779): Illuminate\\Database\\Connection->runQueryCallback('select exists (...', Array, Object(Closure))
#8 D:\\laragon\\Zip data\\lernen-zip\\lernen-308\\lernen-main-file\\lernen\\vendor\\laravel\\framework\\src\\Illuminate\\Database\\Connection.php(398): Illuminate\\Database\\Connection->run('select exists (...', Array, Object(Closure))
#9 D:\\laragon\\Zip data\\lernen-zip\\lernen-308\\lernen-main-file\\lernen\\vendor\\laravel\\framework\\src\\Illuminate\\Database\\Connection.php(344): Illuminate\\Database\\Connection->select('select exists (...', Array, true)
#10 D:\\laragon\\Zip data\\lernen-zip\\lernen-308\\lernen-main-file\\lernen\\vendor\\laravel\\framework\\src\\Illuminate\\Database\\Connection.php(361): Illuminate\\Database\\Connection->selectOne('select exists (...', Array, true)
#11 D:\\laragon\\Zip data\\lernen-zip\\lernen-308\\lernen-main-file\\lernen\\vendor\\laravel\\framework\\src\\Illuminate\\Database\\Schema\\SQLiteBuilder.php(44): Illuminate\\Database\\Connection->scalar('select exists (...')
#12 D:\\laragon\\Zip data\\lernen-zip\\lernen-308\\lernen-main-file\\lernen\\vendor\\laravel\\framework\\src\\Illuminate\\Support\\Facades\\Facade.php(361): Illuminate\\Database\\Schema\\SQLiteBuilder->hasTable('optionbuilder__...')
#13 D:\\laragon\\Zip data\\lernen-zip\\lernen-308\\lernen-main-file\\lernen\\app\\Providers\\AppServiceProvider.php(50): Illuminate\\Support\\Facades\\Facade::__callStatic('hasTable', Array)
#14 D:\\laragon\\Zip data\\lernen-zip\\lernen-308\\lernen-main-file\\lernen\\vendor\\laravel\\framework\\src\\Illuminate\\Container\\BoundMethod.php(36): App\\Providers\\AppServiceProvider->boot()
#15 D:\\laragon\\Zip data\\lernen-zip\\lernen-308\\lernen-main-file\\lernen\\vendor\\laravel\\framework\\src\\Illuminate\\Container\\Util.php(43): Illuminate\\Container\\BoundMethod::Illuminate\\Container\\{closure}()
#16 D:\\laragon\\Zip data\\lernen-zip\\lernen-308\\lernen-main-file\\lernen\\vendor\\laravel\\framework\\src\\Illuminate\\Container\\BoundMethod.php(95): Illuminate\\Container\\Util::unwrapIfClosure(Object(Closure))
#17 D:\\laragon\\Zip data\\lernen-zip\\lernen-308\\lernen-main-file\\lernen\\vendor\\laravel\\framework\\src\\Illuminate\\Container\\BoundMethod.php(35): Illuminate\\Container\\BoundMethod::callBoundMethod(Object(Illuminate\\Foundation\\Application), Array, Object(Closure))
#18 D:\\laragon\\Zip data\\lernen-zip\\lernen-308\\lernen-main-file\\lernen\\vendor\\laravel\\framework\\src\\Illuminate\\Container\\Container.php(696): Illuminate\\Container\\BoundMethod::call(Object(Illuminate\\Foundation\\Application), Array, Array, NULL)
#19 D:\\laragon\\Zip data\\lernen-zip\\lernen-308\\lernen-main-file\\lernen\\vendor\\laravel\\framework\\src\\Illuminate\\Foundation\\Application.php(1151): Illuminate\\Container\\Container->call(Array)
#20 D:\\laragon\\Zip data\\lernen-zip\\lernen-308\\lernen-main-file\\lernen\\vendor\\laravel\\framework\\src\\Illuminate\\Foundation\\Application.php(1132): Illuminate\\Foundation\\Application->bootProvider(Object(App\\Providers\\AppServiceProvider))
#21 [internal function]: Illuminate\\Foundation\\Application->Illuminate\\Foundation\\{closure}(Object(App\\Providers\\AppServiceProvider), 'App\\\\Providers\\\\A...')
#22 D:\\laragon\\Zip data\\lernen-zip\\lernen-308\\lernen-main-file\\lernen\\vendor\\laravel\\framework\\src\\Illuminate\\Foundation\\Application.php(1131): array_walk(Array, Object(Closure))
#23 D:\\laragon\\Zip data\\lernen-zip\\lernen-308\\lernen-main-file\\lernen\\vendor\\laravel\\framework\\src\\Illuminate\\Foundation\\Bootstrap\\BootProviders.php(17): Illuminate\\Foundation\\Application->boot()
#24 D:\\laragon\\Zip data\\lernen-zip\\lernen-308\\lernen-main-file\\lernen\\vendor\\laravel\\framework\\src\\Illuminate\\Foundation\\Application.php(342): Illuminate\\Foundation\\Bootstrap\\BootProviders->bootstrap(Object(Illuminate\\Foundation\\Application))
#25 D:\\laragon\\Zip data\\lernen-zip\\lernen-308\\lernen-main-file\\lernen\\vendor\\laravel\\framework\\src\\Illuminate\\Foundation\\Console\\Kernel.php(474): Illuminate\\Foundation\\Application->bootstrapWith(Array)
#26 D:\\laragon\\Zip data\\lernen-zip\\lernen-308\\lernen-main-file\\lernen\\vendor\\laravel\\framework\\src\\Illuminate\\Foundation\\Console\\Kernel.php(196): Illuminate\\Foundation\\Console\\Kernel->bootstrap()
#27 Command line code(1): Illuminate\\Foundation\\Console\\Kernel->handle(Object(Symfony\\Component\\Console\\Input\\ArgvInput), Object(Symfony\\Component\\Console\\Output\\ConsoleOutput))
#28 {main}
"} 
[2025-11-17 06:57:51] production.ERROR: Database file at path [D:\laragon\Zip data\lernen-zip\lernen-308\lernen-main-file\lernen\database\database.sqlite] does not exist. Ensure this is an absolute path to the database. (Connection: sqlite, SQL: select exists (select 1 from sqlite_master where name = 'optionbuilder__settings' and type = 'table') as "exists") {"exception":"[object] (Illuminate\\Database\\QueryException(code: 0): Database file at path [D:\\laragon\\Zip data\\lernen-zip\\lernen-308\\lernen-main-file\\lernen\\database\\database.sqlite] does not exist. Ensure this is an absolute path to the database. (Connection: sqlite, SQL: select exists (select 1 from sqlite_master where name = 'optionbuilder__settings' and type = 'table') as \"exists\") at D:\\laragon\\Zip data\\lernen-zip\\lernen-308\\lernen-main-file\\lernen\\vendor\\laravel\\framework\\src\\Illuminate\\Database\\Connection.php:825)
[stacktrace]
#0 D:\\laragon\\Zip data\\lernen-zip\\lernen-308\\lernen-main-file\\lernen\\vendor\\laravel\\framework\\src\\Illuminate\\Database\\Connection.php(779): Illuminate\\Database\\Connection->runQueryCallback('select exists (...', Array, Object(Closure))
#1 D:\\laragon\\Zip data\\lernen-zip\\lernen-308\\lernen-main-file\\lernen\\vendor\\laravel\\framework\\src\\Illuminate\\Database\\Connection.php(398): Illuminate\\Database\\Connection->run('select exists (...', Array, Object(Closure))
#2 D:\\laragon\\Zip data\\lernen-zip\\lernen-308\\lernen-main-file\\lernen\\vendor\\laravel\\framework\\src\\Illuminate\\Database\\Connection.php(344): Illuminate\\Database\\Connection->select('select exists (...', Array, true)
#3 D:\\laragon\\Zip data\\lernen-zip\\lernen-308\\lernen-main-file\\lernen\\vendor\\laravel\\framework\\src\\Illuminate\\Database\\Connection.php(361): Illuminate\\Database\\Connection->selectOne('select exists (...', Array, true)
#4 D:\\laragon\\Zip data\\lernen-zip\\lernen-308\\lernen-main-file\\lernen\\vendor\\laravel\\framework\\src\\Illuminate\\Database\\Schema\\SQLiteBuilder.php(44): Illuminate\\Database\\Connection->scalar('select exists (...')
#5 D:\\laragon\\Zip data\\lernen-zip\\lernen-308\\lernen-main-file\\lernen\\vendor\\laravel\\framework\\src\\Illuminate\\Support\\Facades\\Facade.php(361): Illuminate\\Database\\Schema\\SQLiteBuilder->hasTable('optionbuilder__...')
#6 D:\\laragon\\Zip data\\lernen-zip\\lernen-308\\lernen-main-file\\lernen\\app\\Providers\\AppServiceProvider.php(50): Illuminate\\Support\\Facades\\Facade::__callStatic('hasTable', Array)
#7 D:\\laragon\\Zip data\\lernen-zip\\lernen-308\\lernen-main-file\\lernen\\vendor\\laravel\\framework\\src\\Illuminate\\Container\\BoundMethod.php(36): App\\Providers\\AppServiceProvider->boot()
#8 D:\\laragon\\Zip data\\lernen-zip\\lernen-308\\lernen-main-file\\lernen\\vendor\\laravel\\framework\\src\\Illuminate\\Container\\Util.php(43): Illuminate\\Container\\BoundMethod::Illuminate\\Container\\{closure}()
#9 D:\\laragon\\Zip data\\lernen-zip\\lernen-308\\lernen-main-file\\lernen\\vendor\\laravel\\framework\\src\\Illuminate\\Container\\BoundMethod.php(95): Illuminate\\Container\\Util::unwrapIfClosure(Object(Closure))
#10 D:\\laragon\\Zip data\\lernen-zip\\lernen-308\\lernen-main-file\\lernen\\vendor\\laravel\\framework\\src\\Illuminate\\Container\\BoundMethod.php(35): Illuminate\\Container\\BoundMethod::callBoundMethod(Object(Illuminate\\Foundation\\Application), Array, Object(Closure))
#11 D:\\laragon\\Zip data\\lernen-zip\\lernen-308\\lernen-main-file\\lernen\\vendor\\laravel\\framework\\src\\Illuminate\\Container\\Container.php(696): Illuminate\\Container\\BoundMethod::call(Object(Illuminate\\Foundation\\Application), Array, Array, NULL)
#12 D:\\laragon\\Zip data\\lernen-zip\\lernen-308\\lernen-main-file\\lernen\\vendor\\laravel\\framework\\src\\Illuminate\\Foundation\\Application.php(1151): Illuminate\\Container\\Container->call(Array)
#13 D:\\laragon\\Zip data\\lernen-zip\\lernen-308\\lernen-main-file\\lernen\\vendor\\laravel\\framework\\src\\Illuminate\\Foundation\\Application.php(1132): Illuminate\\Foundation\\Application->bootProvider(Object(App\\Providers\\AppServiceProvider))
#14 [internal function]: Illuminate\\Foundation\\Application->Illuminate\\Foundation\\{closure}(Object(App\\Providers\\AppServiceProvider), 'App\\\\Providers\\\\A...')
#15 D:\\laragon\\Zip data\\lernen-zip\\lernen-308\\lernen-main-file\\lernen\\vendor\\laravel\\framework\\src\\Illuminate\\Foundation\\Application.php(1131): array_walk(Array, Object(Closure))
#16 D:\\laragon\\Zip data\\lernen-zip\\lernen-308\\lernen-main-file\\lernen\\vendor\\laravel\\framework\\src\\Illuminate\\Foundation\\Bootstrap\\BootProviders.php(17): Illuminate\\Foundation\\Application->boot()
#17 D:\\laragon\\Zip data\\lernen-zip\\lernen-308\\lernen-main-file\\lernen\\vendor\\laravel\\framework\\src\\Illuminate\\Foundation\\Application.php(342): Illuminate\\Foundation\\Bootstrap\\BootProviders->bootstrap(Object(Illuminate\\Foundation\\Application))
#18 D:\\laragon\\Zip data\\lernen-zip\\lernen-308\\lernen-main-file\\lernen\\vendor\\laravel\\framework\\src\\Illuminate\\Foundation\\Console\\Kernel.php(474): Illuminate\\Foundation\\Application->bootstrapWith(Array)
#19 D:\\laragon\\Zip data\\lernen-zip\\lernen-308\\lernen-main-file\\lernen\\vendor\\laravel\\framework\\src\\Illuminate\\Foundation\\Console\\Kernel.php(196): Illuminate\\Foundation\\Console\\Kernel->bootstrap()
#20 Command line code(1): Illuminate\\Foundation\\Console\\Kernel->handle(Object(Symfony\\Component\\Console\\Input\\ArgvInput), Object(Symfony\\Component\\Console\\Output\\ConsoleOutput))
#21 {main}

[previous exception] [object] (Illuminate\\Database\\SQLiteDatabaseDoesNotExistException(code: 0): Database file at path [D:\\laragon\\Zip data\\lernen-zip\\lernen-308\\lernen-main-file\\lernen\\database\\database.sqlite] does not exist. Ensure this is an absolute path to the database. at D:\\laragon\\Zip data\\lernen-zip\\lernen-308\\lernen-main-file\\lernen\\vendor\\laravel\\framework\\src\\Illuminate\\Database\\Connectors\\SQLiteConnector.php:37)
[stacktrace]
#0 D:\\laragon\\Zip data\\lernen-zip\\lernen-308\\lernen-main-file\\lernen\\vendor\\laravel\\framework\\src\\Illuminate\\Database\\Connectors\\ConnectionFactory.php(224): Illuminate\\Database\\Connectors\\SQLiteConnector->connect(Array)
#1 [internal function]: Illuminate\\Database\\Connectors\\ConnectionFactory->Illuminate\\Database\\Connectors\\{closure}()
#2 D:\\laragon\\Zip data\\lernen-zip\\lernen-308\\lernen-main-file\\lernen\\vendor\\laravel\\framework\\src\\Illuminate\\Database\\Connection.php(1231): call_user_func(Object(Closure))
#3 D:\\laragon\\Zip data\\lernen-zip\\lernen-308\\lernen-main-file\\lernen\\vendor\\laravel\\framework\\src\\Illuminate\\Database\\Connection.php(1267): Illuminate\\Database\\Connection->getPdo()
#4 D:\\laragon\\Zip data\\lernen-zip\\lernen-308\\lernen-main-file\\lernen\\vendor\\laravel\\framework\\src\\Illuminate\\Database\\Connection.php(512): Illuminate\\Database\\Connection->getReadPdo()
#5 D:\\laragon\\Zip data\\lernen-zip\\lernen-308\\lernen-main-file\\lernen\\vendor\\laravel\\framework\\src\\Illuminate\\Database\\Connection.php(407): Illuminate\\Database\\Connection->getPdoForSelect(true)
#6 D:\\laragon\\Zip data\\lernen-zip\\lernen-308\\lernen-main-file\\lernen\\vendor\\laravel\\framework\\src\\Illuminate\\Database\\Connection.php(812): Illuminate\\Database\\Connection->Illuminate\\Database\\{closure}('select exists (...', Array)
#7 D:\\laragon\\Zip data\\lernen-zip\\lernen-308\\lernen-main-file\\lernen\\vendor\\laravel\\framework\\src\\Illuminate\\Database\\Connection.php(779): Illuminate\\Database\\Connection->runQueryCallback('select exists (...', Array, Object(Closure))
#8 D:\\laragon\\Zip data\\lernen-zip\\lernen-308\\lernen-main-file\\lernen\\vendor\\laravel\\framework\\src\\Illuminate\\Database\\Connection.php(398): Illuminate\\Database\\Connection->run('select exists (...', Array, Object(Closure))
#9 D:\\laragon\\Zip data\\lernen-zip\\lernen-308\\lernen-main-file\\lernen\\vendor\\laravel\\framework\\src\\Illuminate\\Database\\Connection.php(344): Illuminate\\Database\\Connection->select('select exists (...', Array, true)
#10 D:\\laragon\\Zip data\\lernen-zip\\lernen-308\\lernen-main-file\\lernen\\vendor\\laravel\\framework\\src\\Illuminate\\Database\\Connection.php(361): Illuminate\\Database\\Connection->selectOne('select exists (...', Array, true)
#11 D:\\laragon\\Zip data\\lernen-zip\\lernen-308\\lernen-main-file\\lernen\\vendor\\laravel\\framework\\src\\Illuminate\\Database\\Schema\\SQLiteBuilder.php(44): Illuminate\\Database\\Connection->scalar('select exists (...')
#12 D:\\laragon\\Zip data\\lernen-zip\\lernen-308\\lernen-main-file\\lernen\\vendor\\laravel\\framework\\src\\Illuminate\\Support\\Facades\\Facade.php(361): Illuminate\\Database\\Schema\\SQLiteBuilder->hasTable('optionbuilder__...')
#13 D:\\laragon\\Zip data\\lernen-zip\\lernen-308\\lernen-main-file\\lernen\\app\\Providers\\AppServiceProvider.php(50): Illuminate\\Support\\Facades\\Facade::__callStatic('hasTable', Array)
#14 D:\\laragon\\Zip data\\lernen-zip\\lernen-308\\lernen-main-file\\lernen\\vendor\\laravel\\framework\\src\\Illuminate\\Container\\BoundMethod.php(36): App\\Providers\\AppServiceProvider->boot()
#15 D:\\laragon\\Zip data\\lernen-zip\\lernen-308\\lernen-main-file\\lernen\\vendor\\laravel\\framework\\src\\Illuminate\\Container\\Util.php(43): Illuminate\\Container\\BoundMethod::Illuminate\\Container\\{closure}()
#16 D:\\laragon\\Zip data\\lernen-zip\\lernen-308\\lernen-main-file\\lernen\\vendor\\laravel\\framework\\src\\Illuminate\\Container\\BoundMethod.php(95): Illuminate\\Container\\Util::unwrapIfClosure(Object(Closure))
#17 D:\\laragon\\Zip data\\lernen-zip\\lernen-308\\lernen-main-file\\lernen\\vendor\\laravel\\framework\\src\\Illuminate\\Container\\BoundMethod.php(35): Illuminate\\Container\\BoundMethod::callBoundMethod(Object(Illuminate\\Foundation\\Application), Array, Object(Closure))
#18 D:\\laragon\\Zip data\\lernen-zip\\lernen-308\\lernen-main-file\\lernen\\vendor\\laravel\\framework\\src\\Illuminate\\Container\\Container.php(696): Illuminate\\Container\\BoundMethod::call(Object(Illuminate\\Foundation\\Application), Array, Array, NULL)
#19 D:\\laragon\\Zip data\\lernen-zip\\lernen-308\\lernen-main-file\\lernen\\vendor\\laravel\\framework\\src\\Illuminate\\Foundation\\Application.php(1151): Illuminate\\Container\\Container->call(Array)
#20 D:\\laragon\\Zip data\\lernen-zip\\lernen-308\\lernen-main-file\\lernen\\vendor\\laravel\\framework\\src\\Illuminate\\Foundation\\Application.php(1132): Illuminate\\Foundation\\Application->bootProvider(Object(App\\Providers\\AppServiceProvider))
#21 [internal function]: Illuminate\\Foundation\\Application->Illuminate\\Foundation\\{closure}(Object(App\\Providers\\AppServiceProvider), 'App\\\\Providers\\\\A...')
#22 D:\\laragon\\Zip data\\lernen-zip\\lernen-308\\lernen-main-file\\lernen\\vendor\\laravel\\framework\\src\\Illuminate\\Foundation\\Application.php(1131): array_walk(Array, Object(Closure))
#23 D:\\laragon\\Zip data\\lernen-zip\\lernen-308\\lernen-main-file\\lernen\\vendor\\laravel\\framework\\src\\Illuminate\\Foundation\\Bootstrap\\BootProviders.php(17): Illuminate\\Foundation\\Application->boot()
#24 D:\\laragon\\Zip data\\lernen-zip\\lernen-308\\lernen-main-file\\lernen\\vendor\\laravel\\framework\\src\\Illuminate\\Foundation\\Application.php(342): Illuminate\\Foundation\\Bootstrap\\BootProviders->bootstrap(Object(Illuminate\\Foundation\\Application))
#25 D:\\laragon\\Zip data\\lernen-zip\\lernen-308\\lernen-main-file\\lernen\\vendor\\laravel\\framework\\src\\Illuminate\\Foundation\\Console\\Kernel.php(474): Illuminate\\Foundation\\Application->bootstrapWith(Array)
#26 D:\\laragon\\Zip data\\lernen-zip\\lernen-308\\lernen-main-file\\lernen\\vendor\\laravel\\framework\\src\\Illuminate\\Foundation\\Console\\Kernel.php(196): Illuminate\\Foundation\\Console\\Kernel->bootstrap()
#27 Command line code(1): Illuminate\\Foundation\\Console\\Kernel->handle(Object(Symfony\\Component\\Console\\Input\\ArgvInput), Object(Symfony\\Component\\Console\\Output\\ConsoleOutput))
#28 {main}
"} 
[2025-12-03 13:36:34] production.ERROR: SQLSTATE[HY000] [2002] No connection could be made because the target machine actively refused it (Connection: mysql, SQL: select exists (select 1 from information_schema.tables where table_schema = 'lernendb' and table_name = 'optionbuilder__settings' and table_type in ('BASE TABLE', 'SYSTEM VERSIONED')) as `exists`) {"exception":"[object] (Illuminate\\Database\\QueryException(code: 2002): SQLSTATE[HY000] [2002] No connection could be made because the target machine actively refused it (Connection: mysql, SQL: select exists (select 1 from information_schema.tables where table_schema = 'lernendb' and table_name = 'optionbuilder__settings' and table_type in ('BASE TABLE', 'SYSTEM VERSIONED')) as `exists`) at E:\\My Portfoliow\\Megan\\lernen-main-file\\New folder\\lernen\\vendor\\laravel\\framework\\src\\Illuminate\\Database\\Connection.php:825)
[stacktrace]
#0 E:\\My Portfoliow\\Megan\\lernen-main-file\\New folder\\lernen\\vendor\\laravel\\framework\\src\\Illuminate\\Database\\Connection.php(979): Illuminate\\Database\\Connection->runQueryCallback('select exists (...', Array, Object(Closure))
#1 E:\\My Portfoliow\\Megan\\lernen-main-file\\New folder\\lernen\\vendor\\laravel\\framework\\src\\Illuminate\\Database\\Connection.php(958): Illuminate\\Database\\Connection->tryAgainIfCausedByLostConnection(Object(Illuminate\\Database\\QueryException), 'select exists (...', Array, Object(Closure))
#2 E:\\My Portfoliow\\Megan\\lernen-main-file\\New folder\\lernen\\vendor\\laravel\\framework\\src\\Illuminate\\Database\\Connection.php(781): Illuminate\\Database\\Connection->handleQueryException(Object(Illuminate\\Database\\QueryException), 'select exists (...', Array, Object(Closure))
#3 E:\\My Portfoliow\\Megan\\lernen-main-file\\New folder\\lernen\\vendor\\laravel\\framework\\src\\Illuminate\\Database\\Connection.php(398): Illuminate\\Database\\Connection->run('select exists (...', Array, Object(Closure))
#4 E:\\My Portfoliow\\Megan\\lernen-main-file\\New folder\\lernen\\vendor\\laravel\\framework\\src\\Illuminate\\Database\\Connection.php(344): Illuminate\\Database\\Connection->select('select exists (...', Array, true)
#5 E:\\My Portfoliow\\Megan\\lernen-main-file\\New folder\\lernen\\vendor\\laravel\\framework\\src\\Illuminate\\Database\\Connection.php(361): Illuminate\\Database\\Connection->selectOne('select exists (...', Array, true)
#6 E:\\My Portfoliow\\Megan\\lernen-main-file\\New folder\\lernen\\vendor\\laravel\\framework\\src\\Illuminate\\Database\\Schema\\MySqlBuilder.php(45): Illuminate\\Database\\Connection->scalar('select exists (...')
#7 E:\\My Portfoliow\\Megan\\lernen-main-file\\New folder\\lernen\\vendor\\laravel\\framework\\src\\Illuminate\\Support\\Facades\\Facade.php(361): Illuminate\\Database\\Schema\\MySqlBuilder->hasTable('optionbuilder__...')
#8 E:\\My Portfoliow\\Megan\\lernen-main-file\\New folder\\lernen\\app\\Providers\\AppServiceProvider.php(50): Illuminate\\Support\\Facades\\Facade::__callStatic('hasTable', Array)
#9 E:\\My Portfoliow\\Megan\\lernen-main-file\\New folder\\lernen\\vendor\\laravel\\framework\\src\\Illuminate\\Container\\BoundMethod.php(36): App\\Providers\\AppServiceProvider->boot()
#10 E:\\My Portfoliow\\Megan\\lernen-main-file\\New folder\\lernen\\vendor\\laravel\\framework\\src\\Illuminate\\Container\\Util.php(43): Illuminate\\Container\\BoundMethod::Illuminate\\Container\\{closure}()
#11 E:\\My Portfoliow\\Megan\\lernen-main-file\\New folder\\lernen\\vendor\\laravel\\framework\\src\\Illuminate\\Container\\BoundMethod.php(95): Illuminate\\Container\\Util::unwrapIfClosure(Object(Closure))
#12 E:\\My Portfoliow\\Megan\\lernen-main-file\\New folder\\lernen\\vendor\\laravel\\framework\\src\\Illuminate\\Container\\BoundMethod.php(35): Illuminate\\Container\\BoundMethod::callBoundMethod(Object(Illuminate\\Foundation\\Application), Array, Object(Closure))
#13 E:\\My Portfoliow\\Megan\\lernen-main-file\\New folder\\lernen\\vendor\\laravel\\framework\\src\\Illuminate\\Container\\Container.php(696): Illuminate\\Container\\BoundMethod::call(Object(Illuminate\\Foundation\\Application), Array, Array, NULL)
#14 E:\\My Portfoliow\\Megan\\lernen-main-file\\New folder\\lernen\\vendor\\laravel\\framework\\src\\Illuminate\\Foundation\\Application.php(1151): Illuminate\\Container\\Container->call(Array)
#15 E:\\My Portfoliow\\Megan\\lernen-main-file\\New folder\\lernen\\vendor\\laravel\\framework\\src\\Illuminate\\Foundation\\Application.php(1132): Illuminate\\Foundation\\Application->bootProvider(Object(App\\Providers\\AppServiceProvider))
#16 [internal function]: Illuminate\\Foundation\\Application->Illuminate\\Foundation\\{closure}(Object(App\\Providers\\AppServiceProvider), 'App\\\\Providers\\\\A...')
#17 E:\\My Portfoliow\\Megan\\lernen-main-file\\New folder\\lernen\\vendor\\laravel\\framework\\src\\Illuminate\\Foundation\\Application.php(1131): array_walk(Array, Object(Closure))
#18 E:\\My Portfoliow\\Megan\\lernen-main-file\\New folder\\lernen\\vendor\\laravel\\framework\\src\\Illuminate\\Foundation\\Bootstrap\\BootProviders.php(17): Illuminate\\Foundation\\Application->boot()
#19 E:\\My Portfoliow\\Megan\\lernen-main-file\\New folder\\lernen\\vendor\\laravel\\framework\\src\\Illuminate\\Foundation\\Application.php(342): Illuminate\\Foundation\\Bootstrap\\BootProviders->bootstrap(Object(Illuminate\\Foundation\\Application))
#20 E:\\My Portfoliow\\Megan\\lernen-main-file\\New folder\\lernen\\vendor\\laravel\\framework\\src\\Illuminate\\Foundation\\Console\\Kernel.php(474): Illuminate\\Foundation\\Application->bootstrapWith(Array)
#21 E:\\My Portfoliow\\Megan\\lernen-main-file\\New folder\\lernen\\vendor\\laravel\\framework\\src\\Illuminate\\Foundation\\Console\\Kernel.php(196): Illuminate\\Foundation\\Console\\Kernel->bootstrap()
#22 E:\\My Portfoliow\\Megan\\lernen-main-file\\New folder\\lernen\\vendor\\laravel\\framework\\src\\Illuminate\\Foundation\\Application.php(1235): Illuminate\\Foundation\\Console\\Kernel->handle(Object(Symfony\\Component\\Console\\Input\\ArgvInput), Object(Symfony\\Component\\Console\\Output\\ConsoleOutput))
#23 E:\\My Portfoliow\\Megan\\lernen-main-file\\New folder\\lernen\\artisan(13): Illuminate\\Foundation\\Application->handleCommand(Object(Symfony\\Component\\Console\\Input\\ArgvInput))
#24 {main}

[previous exception] [object] (PDOException(code: 2002): SQLSTATE[HY000] [2002] No connection could be made because the target machine actively refused it at E:\\My Portfoliow\\Megan\\lernen-main-file\\New folder\\lernen\\vendor\\laravel\\framework\\src\\Illuminate\\Database\\Connectors\\Connector.php:66)
[stacktrace]
#0 E:\\My Portfoliow\\Megan\\lernen-main-file\\New folder\\lernen\\vendor\\laravel\\framework\\src\\Illuminate\\Database\\Connectors\\Connector.php(66): PDO->__construct('mysql:host=loca...', 'root', Object(SensitiveParameterValue), Array)
#1 E:\\My Portfoliow\\Megan\\lernen-main-file\\New folder\\lernen\\vendor\\laravel\\framework\\src\\Illuminate\\Database\\Connectors\\Connector.php(85): Illuminate\\Database\\Connectors\\Connector->createPdoConnection('mysql:host=loca...', 'root', Object(SensitiveParameterValue), Array)
#2 E:\\My Portfoliow\\Megan\\lernen-main-file\\New folder\\lernen\\vendor\\laravel\\framework\\src\\Illuminate\\Database\\Connectors\\Connector.php(48): Illuminate\\Database\\Connectors\\Connector->tryAgainIfCausedByLostConnection(Object(PDOException), 'mysql:host=loca...', 'root', Object(SensitiveParameterValue), Array)
#3 E:\\My Portfoliow\\Megan\\lernen-main-file\\New folder\\lernen\\vendor\\laravel\\framework\\src\\Illuminate\\Database\\Connectors\\MySqlConnector.php(24): Illuminate\\Database\\Connectors\\Connector->createConnection('mysql:host=loca...', Array, Array)
#4 E:\\My Portfoliow\\Megan\\lernen-main-file\\New folder\\lernen\\vendor\\laravel\\framework\\src\\Illuminate\\Database\\Connectors\\ConnectionFactory.php(185): Illuminate\\Database\\Connectors\\MySqlConnector->connect(Array)
#5 [internal function]: Illuminate\\Database\\Connectors\\ConnectionFactory->Illuminate\\Database\\Connectors\\{closure}()
#6 E:\\My Portfoliow\\Megan\\lernen-main-file\\New folder\\lernen\\vendor\\laravel\\framework\\src\\Illuminate\\Database\\Connection.php(1231): call_user_func(Object(Closure))
#7 E:\\My Portfoliow\\Megan\\lernen-main-file\\New folder\\lernen\\vendor\\laravel\\framework\\src\\Illuminate\\Database\\Connection.php(1267): Illuminate\\Database\\Connection->getPdo()
#8 E:\\My Portfoliow\\Megan\\lernen-main-file\\New folder\\lernen\\vendor\\laravel\\framework\\src\\Illuminate\\Database\\Connection.php(512): Illuminate\\Database\\Connection->getReadPdo()
#9 E:\\My Portfoliow\\Megan\\lernen-main-file\\New folder\\lernen\\vendor\\laravel\\framework\\src\\Illuminate\\Database\\Connection.php(407): Illuminate\\Database\\Connection->getPdoForSelect(true)
#10 E:\\My Portfoliow\\Megan\\lernen-main-file\\New folder\\lernen\\vendor\\laravel\\framework\\src\\Illuminate\\Database\\Connection.php(812): Illuminate\\Database\\Connection->Illuminate\\Database\\{closure}('select exists (...', Array)
#11 E:\\My Portfoliow\\Megan\\lernen-main-file\\New folder\\lernen\\vendor\\laravel\\framework\\src\\Illuminate\\Database\\Connection.php(979): Illuminate\\Database\\Connection->runQueryCallback('select exists (...', Array, Object(Closure))
#12 E:\\My Portfoliow\\Megan\\lernen-main-file\\New folder\\lernen\\vendor\\laravel\\framework\\src\\Illuminate\\Database\\Connection.php(958): Illuminate\\Database\\Connection->tryAgainIfCausedByLostConnection(Object(Illuminate\\Database\\QueryException), 'select exists (...', Array, Object(Closure))
#13 E:\\My Portfoliow\\Megan\\lernen-main-file\\New folder\\lernen\\vendor\\laravel\\framework\\src\\Illuminate\\Database\\Connection.php(781): Illuminate\\Database\\Connection->handleQueryException(Object(Illuminate\\Database\\QueryException), 'select exists (...', Array, Object(Closure))
#14 E:\\My Portfoliow\\Megan\\lernen-main-file\\New folder\\lernen\\vendor\\laravel\\framework\\src\\Illuminate\\Database\\Connection.php(398): Illuminate\\Database\\Connection->run('select exists (...', Array, Object(Closure))
#15 E:\\My Portfoliow\\Megan\\lernen-main-file\\New folder\\lernen\\vendor\\laravel\\framework\\src\\Illuminate\\Database\\Connection.php(344): Illuminate\\Database\\Connection->select('select exists (...', Array, true)
#16 E:\\My Portfoliow\\Megan\\lernen-main-file\\New folder\\lernen\\vendor\\laravel\\framework\\src\\Illuminate\\Database\\Connection.php(361): Illuminate\\Database\\Connection->selectOne('select exists (...', Array, true)
#17 E:\\My Portfoliow\\Megan\\lernen-main-file\\New folder\\lernen\\vendor\\laravel\\framework\\src\\Illuminate\\Database\\Schema\\MySqlBuilder.php(45): Illuminate\\Database\\Connection->scalar('select exists (...')
#18 E:\\My Portfoliow\\Megan\\lernen-main-file\\New folder\\lernen\\vendor\\laravel\\framework\\src\\Illuminate\\Support\\Facades\\Facade.php(361): Illuminate\\Database\\Schema\\MySqlBuilder->hasTable('optionbuilder__...')
#19 E:\\My Portfoliow\\Megan\\lernen-main-file\\New folder\\lernen\\app\\Providers\\AppServiceProvider.php(50): Illuminate\\Support\\Facades\\Facade::__callStatic('hasTable', Array)
#20 E:\\My Portfoliow\\Megan\\lernen-main-file\\New folder\\lernen\\vendor\\laravel\\framework\\src\\Illuminate\\Container\\BoundMethod.php(36): App\\Providers\\AppServiceProvider->boot()
#21 E:\\My Portfoliow\\Megan\\lernen-main-file\\New folder\\lernen\\vendor\\laravel\\framework\\src\\Illuminate\\Container\\Util.php(43): Illuminate\\Container\\BoundMethod::Illuminate\\Container\\{closure}()
#22 E:\\My Portfoliow\\Megan\\lernen-main-file\\New folder\\lernen\\vendor\\laravel\\framework\\src\\Illuminate\\Container\\BoundMethod.php(95): Illuminate\\Container\\Util::unwrapIfClosure(Object(Closure))
#23 E:\\My Portfoliow\\Megan\\lernen-main-file\\New folder\\lernen\\vendor\\laravel\\framework\\src\\Illuminate\\Container\\BoundMethod.php(35): Illuminate\\Container\\BoundMethod::callBoundMethod(Object(Illuminate\\Foundation\\Application), Array, Object(Closure))
#24 E:\\My Portfoliow\\Megan\\lernen-main-file\\New folder\\lernen\\vendor\\laravel\\framework\\src\\Illuminate\\Container\\Container.php(696): Illuminate\\Container\\BoundMethod::call(Object(Illuminate\\Foundation\\Application), Array, Array, NULL)
#25 E:\\My Portfoliow\\Megan\\lernen-main-file\\New folder\\lernen\\vendor\\laravel\\framework\\src\\Illuminate\\Foundation\\Application.php(1151): Illuminate\\Container\\Container->call(Array)
#26 E:\\My Portfoliow\\Megan\\lernen-main-file\\New folder\\lernen\\vendor\\laravel\\framework\\src\\Illuminate\\Foundation\\Application.php(1132): Illuminate\\Foundation\\Application->bootProvider(Object(App\\Providers\\AppServiceProvider))
#27 [internal function]: Illuminate\\Foundation\\Application->Illuminate\\Foundation\\{closure}(Object(App\\Providers\\AppServiceProvider), 'App\\\\Providers\\\\A...')
#28 E:\\My Portfoliow\\Megan\\lernen-main-file\\New folder\\lernen\\vendor\\laravel\\framework\\src\\Illuminate\\Foundation\\Application.php(1131): array_walk(Array, Object(Closure))
#29 E:\\My Portfoliow\\Megan\\lernen-main-file\\New folder\\lernen\\vendor\\laravel\\framework\\src\\Illuminate\\Foundation\\Bootstrap\\BootProviders.php(17): Illuminate\\Foundation\\Application->boot()
#30 E:\\My Portfoliow\\Megan\\lernen-main-file\\New folder\\lernen\\vendor\\laravel\\framework\\src\\Illuminate\\Foundation\\Application.php(342): Illuminate\\Foundation\\Bootstrap\\BootProviders->bootstrap(Object(Illuminate\\Foundation\\Application))
#31 E:\\My Portfoliow\\Megan\\lernen-main-file\\New folder\\lernen\\vendor\\laravel\\framework\\src\\Illuminate\\Foundation\\Console\\Kernel.php(474): Illuminate\\Foundation\\Application->bootstrapWith(Array)
#32 E:\\My Portfoliow\\Megan\\lernen-main-file\\New folder\\lernen\\vendor\\laravel\\framework\\src\\Illuminate\\Foundation\\Console\\Kernel.php(196): Illuminate\\Foundation\\Console\\Kernel->bootstrap()
#33 E:\\My Portfoliow\\Megan\\lernen-main-file\\New folder\\lernen\\vendor\\laravel\\framework\\src\\Illuminate\\Foundation\\Application.php(1235): Illuminate\\Foundation\\Console\\Kernel->handle(Object(Symfony\\Component\\Console\\Input\\ArgvInput), Object(Symfony\\Component\\Console\\Output\\ConsoleOutput))
#34 E:\\My Portfoliow\\Megan\\lernen-main-file\\New folder\\lernen\\artisan(13): Illuminate\\Foundation\\Application->handleCommand(Object(Symfony\\Component\\Console\\Input\\ArgvInput))
#35 {main}
"} 
